Using pre-set license
Built from '2021.3/staging' branch; Version is '2021.3.18f1 (3129e69bc0c7) revision 3221990'; Using compiler version '192829333'; Build Type 'Release'
OS: 'Windows 10  (10.0.19044) 64bit CoreSingleLanguage' Language: 'ru' Physical Memory: 16121 MB
BatchMode: 1, IsHumanControllingUs: 0, StartBugReporterOnCrash: 0, Is64bit: 1, IsPro: 1

COMMAND LINE ARGUMENTS:
C:\Program Files\Unity\Hub\Editor\2021.3.18f1\Editor\Unity.exe
-adb2
-batchMode
-noUpm
-name
AssetImportWorker2
-projectPath
C:/Users/Александр/OneDrive/Документы/GitHub/Quadrocopter/Quadrocopter
-logFile
Logs/AssetImportWorker2.log
-srvPort
54767
Successfully changed project path to: C:/Users/Александр/OneDrive/Документы/GitHub/Quadrocopter/Quadrocopter
C:/Users/Александр/OneDrive/Документы/GitHub/Quadrocopter/Quadrocopter
[UnityMemory] Configuration Parameters - Can be set up in boot.config
    "memorysetup-bucket-allocator-granularity=16"
    "memorysetup-bucket-allocator-bucket-count=8"
    "memorysetup-bucket-allocator-block-size=33554432"
    "memorysetup-bucket-allocator-block-count=8"
    "memorysetup-main-allocator-block-size=16777216"
    "memorysetup-thread-allocator-block-size=16777216"
    "memorysetup-gfx-main-allocator-block-size=16777216"
    "memorysetup-gfx-thread-allocator-block-size=16777216"
    "memorysetup-cache-allocator-block-size=4194304"
    "memorysetup-typetree-allocator-block-size=2097152"
    "memorysetup-profiler-bucket-allocator-granularity=16"
    "memorysetup-profiler-bucket-allocator-bucket-count=8"
    "memorysetup-profiler-bucket-allocator-block-size=33554432"
    "memorysetup-profiler-bucket-allocator-block-count=8"
    "memorysetup-profiler-allocator-block-size=16777216"
    "memorysetup-profiler-editor-allocator-block-size=1048576"
    "memorysetup-temp-allocator-size-main=16777216"
    "memorysetup-job-temp-allocator-block-size=2097152"
    "memorysetup-job-temp-allocator-block-size-background=1048576"
    "memorysetup-job-temp-allocator-reduction-small-platforms=262144"
    "memorysetup-temp-allocator-size-background-worker=32768"
    "memorysetup-temp-allocator-size-job-worker=262144"
    "memorysetup-temp-allocator-size-preload-manager=33554432"
    "memorysetup-temp-allocator-size-nav-mesh-worker=65536"
    "memorysetup-temp-allocator-size-audio-worker=65536"
    "memorysetup-temp-allocator-size-cloud-worker=32768"
    "memorysetup-temp-allocator-size-gi-baking-worker=262144"
    "memorysetup-temp-allocator-size-gfx=262144"
Player connection [3176] Host "[IP] 192.168.59.72 [Port] 0 [Flags] 2 [Guid] 737419483 [EditorId] 737419483 [Version] 1048832 [Id] WindowsEditor(7,LAPTOP-8LOLL0BP) [Debug] 1 [PackageName] WindowsEditor [ProjectName] Editor" joined multi-casting on [225.0.0.222:54997]...

Player connection [3176] Host "[IP] 192.168.59.72 [Port] 0 [Flags] 2 [Guid] 737419483 [EditorId] 737419483 [Version] 1048832 [Id] WindowsEditor(7,LAPTOP-8LOLL0BP) [Debug] 1 [PackageName] WindowsEditor [ProjectName] Editor" joined alternative multi-casting on [225.0.0.222:34997]...

Refreshing native plugins compatible for Editor in 64.40 ms, found 3 plugins.
Preloading 0 native plugins for Editor in 0.00 ms.
Initialize engine version: 2021.3.18f1 (3129e69bc0c7)
[Subsystems] Discovering subsystems at path C:/Program Files/Unity/Hub/Editor/2021.3.18f1/Editor/Data/Resources/UnitySubsystems
[Subsystems] Discovering subsystems at path C:/Users/Александр/OneDrive/Документы/GitHub/Quadrocopter/Quadrocopter/Assets
GfxDevice: creating device client; threaded=0; jobified=0
Direct3D:
    Version:  Direct3D 11.0 [level 11.1]
    Renderer: NVIDIA GeForce RTX 3060 Laptop GPU (ID=0x2520)
    Vendor:   NVIDIA
    VRAM:     6009 MB
    Driver:   31.0.15.2698
Initialize mono
Mono path[0] = 'C:/Program Files/Unity/Hub/Editor/2021.3.18f1/Editor/Data/Managed'
Mono path[1] = 'C:/Program Files/Unity/Hub/Editor/2021.3.18f1/Editor/Data/MonoBleedingEdge/lib/mono/unityjit-win32'
Mono config path = 'C:/Program Files/Unity/Hub/Editor/2021.3.18f1/Editor/Data/MonoBleedingEdge/etc'
Using monoOptions --debugger-agent=transport=dt_socket,embedding=1,server=y,suspend=n,address=127.0.0.1:56572
Begin MonoManager ReloadAssembly
Registering precompiled unity dll's ...
Register platform support module: C:/Program Files/Unity/Hub/Editor/2021.3.18f1/Editor/Data/PlaybackEngines/WindowsStandaloneSupport/UnityEditor.WindowsStandalone.Extensions.dll
Registered in 0.005248 seconds.
Native extension for WindowsStandalone target not found
Refreshing native plugins compatible for Editor in 58.04 ms, found 3 plugins.
Preloading 0 native plugins for Editor in 0.00 ms.
Mono: successfully reloaded assembly
- Completed reload, in  0.469 seconds
Domain Reload Profiling:
	ReloadAssembly (469ms)
		BeginReloadAssembly (61ms)
			ExecutionOrderSort (0ms)
			DisableScriptedObjects (0ms)
			BackupInstance (0ms)
			ReleaseScriptingObjects (0ms)
			CreateAndSetChildDomain (1ms)
		EndReloadAssembly (323ms)
			LoadAssemblies (58ms)
			RebuildTransferFunctionScriptingTraits (0ms)
			SetupTypeCache (74ms)
			ReleaseScriptCaches (0ms)
			RebuildScriptCaches (20ms)
			SetupLoadedEditorAssemblies (192ms)
				LogAssemblyErrors (0ms)
				InitializePlatformSupportModulesInManaged (6ms)
				SetLoadedEditorAssemblies (0ms)
				RefreshPlugins (58ms)
				BeforeProcessingInitializeOnLoad (1ms)
				ProcessInitializeOnLoadAttributes (92ms)
				ProcessInitializeOnLoadMethodAttributes (34ms)
				AfterProcessingInitializeOnLoad (0ms)
				EditorAssembliesLoaded (0ms)
			ExecutionOrderSort2 (0ms)
			AwakeInstancesAfterBackupRestoration (0ms)
Platform modules already initialized, skipping
Registering precompiled user dll's ...
Registered in 0.003861 seconds.
Begin MonoManager ReloadAssembly
Symbol file LoadedFromMemory doesn't match image C:\Users\Александр\OneDrive\Документы\GitHub\Quadrocopter\Quadrocopter\Library\PackageCache\com.unity.visualscripting@1.8.0\Editor\VisualScripting.Core\Dependencies\YamlDotNet\Unity.VisualScripting.YamlDotNet.dll
Symbol file LoadedFromMemory doesn't match image C:\Users\Александр\OneDrive\Документы\GitHub\Quadrocopter\Quadrocopter\Library\PackageCache\com.unity.visualscripting@1.8.0\Editor\VisualScripting.Core\Dependencies\DotNetZip\Unity.VisualScripting.IonicZip.dll
Native extension for WindowsStandalone target not found
Refreshing native plugins compatible for Editor in 0.46 ms, found 3 plugins.
Preloading 0 native plugins for Editor in 0.00 ms.
Mono: successfully reloaded assembly
- Completed reload, in  0.776 seconds
Domain Reload Profiling:
	ReloadAssembly (777ms)
		BeginReloadAssembly (86ms)
			ExecutionOrderSort (0ms)
			DisableScriptedObjects (4ms)
			BackupInstance (0ms)
			ReleaseScriptingObjects (0ms)
			CreateAndSetChildDomain (15ms)
		EndReloadAssembly (599ms)
			LoadAssemblies (61ms)
			RebuildTransferFunctionScriptingTraits (0ms)
			SetupTypeCache (203ms)
			ReleaseScriptCaches (1ms)
			RebuildScriptCaches (50ms)
			SetupLoadedEditorAssemblies (245ms)
				LogAssemblyErrors (0ms)
				InitializePlatformSupportModulesInManaged (4ms)
				SetLoadedEditorAssemblies (0ms)
				RefreshPlugins (1ms)
				BeforeProcessingInitializeOnLoad (61ms)
				ProcessInitializeOnLoadAttributes (158ms)
				ProcessInitializeOnLoadMethodAttributes (14ms)
				AfterProcessingInitializeOnLoad (6ms)
				EditorAssembliesLoaded (0ms)
			ExecutionOrderSort2 (0ms)
			AwakeInstancesAfterBackupRestoration (5ms)
Platform modules already initialized, skipping
========================================================================
Worker process is ready to serve import requests
Launched and connected shader compiler UnityShaderCompiler.exe after 0.03 seconds
Refreshing native plugins compatible for Editor in 0.52 ms, found 3 plugins.
Preloading 0 native plugins for Editor in 0.00 ms.
Unloading 3048 Unused Serialized files (Serialized files now loaded: 0)
Unloading 24 unused Assets / (113.8 KB). Loaded Objects now: 3509.
Memory consumption went from 108.6 MB to 108.5 MB.
Total: 2.524800 ms (FindLiveObjects: 0.219600 ms CreateObjectMapping: 0.066900 ms MarkObjects: 2.128400 ms  DeleteObjects: 0.108900 ms)

AssetImportParameters requested are different than current active one (requested -> active):
  custom:video-decoder-ogg-theora: a1e56fd34408186e4bbccfd4996cb3dc -> 
  custom:container-muxer-webm: aa71ff27fc2769a1b78a27578f13a17b -> 
  custom:container-demuxer-webm: 4f35f7cbe854078d1ac9338744f61a02 -> 
  custom:video-encoder-webm-vp8: eb34c28f22e8b96e1ab97ce403110664 -> 
  custom:video-codec-MediaFoundation-h265: 746d11721c4dcdbdad8f713fa42b33f4 -> 
  custom:audio-encoder-webm-vorbis: bf7c407c2cedff20999df2af8eb42d56 -> 
  custom:framework-win-MediaFoundation: 216162199b28c13a410421893ffa2e32 -> 
  custom:container-demuxer-ogg: 62fdf1f143b41e24485cea50d1cbac27 -> 
  custom:video-decoder-webm-vp8: 9c59270c3fd7afecdb556c50c9e8de78 -> 
  custom:audio-decoder-ogg-vorbis: bf7c407c2cedff20999df2af8eb42d56 -> 
========================================================================
Received Import Request.
  Time since last request: 255257.771394 seconds.
  path: Assets/Prefab/textures
  artifactKey: Guid(11edf5dcf6950c1489d3f792e1d26eab) Importer(815301076,1909f56bfc062723c751e8b465ee728b)
Start importing Assets/Prefab/textures using Guid(11edf5dcf6950c1489d3f792e1d26eab) Importer(815301076,1909f56bfc062723c751e8b465ee728b)  -> (artifact id: 'e64e5a225217bc5bd910602ca9d2db75') in 0.007730 seconds 
========================================================================
Received Import Request.
  Time since last request: 183.668361 seconds.
  path: Assets/Script
  artifactKey: Guid(061de4ba491aea740970560cef44677b) Importer(815301076,1909f56bfc062723c751e8b465ee728b)
Start importing Assets/Script using Guid(061de4ba491aea740970560cef44677b) Importer(815301076,1909f56bfc062723c751e8b465ee728b)  -> (artifact id: '9e95a3059d62e413c51adca231ff8356') in 0.002247 seconds 
========================================================================
Received Import Request.
  Time since last request: 10.420222 seconds.
  path: Assets/Material
  artifactKey: Guid(f24b32b04cabe9c448f56e5f695a61be) Importer(815301076,1909f56bfc062723c751e8b465ee728b)
Start importing Assets/Material using Guid(f24b32b04cabe9c448f56e5f695a61be) Importer(815301076,1909f56bfc062723c751e8b465ee728b)  -> (artifact id: '63291da6b86b5e49d8ec420430fa63ac') in 0.001653 seconds 
========================================================================
Received Import Request.
  Time since last request: 8.653718 seconds.
  path: Assets/Material/New Material.mat
  artifactKey: Guid(260aa5fd14c6d20498bfc9205fdc21b9) Importer(815301076,1909f56bfc062723c751e8b465ee728b)
Start importing Assets/Material/New Material.mat using Guid(260aa5fd14c6d20498bfc9205fdc21b9) Importer(815301076,1909f56bfc062723c751e8b465ee728b)  -> (artifact id: '13937094d387028b270a50338afc720f') in 0.098774 seconds 
========================================================================
Received Import Request.
  Time since last request: 873.905750 seconds.
  path: Assets/Prefab/source/source
  artifactKey: Guid(4916ceca8f11eb44eb3ebb61d8059817) Importer(815301076,1909f56bfc062723c751e8b465ee728b)
Start importing Assets/Prefab/source/source using Guid(4916ceca8f11eb44eb3ebb61d8059817) Importer(815301076,1909f56bfc062723c751e8b465ee728b)  -> (artifact id: '5baff58b3bf948382daa8d682ade118b') in 0.002027 seconds 
========================================================================
Received Import Request.
  Time since last request: 0.612682 seconds.
  path: Assets/Prefab/source/source/Drone.fbx
  artifactKey: Guid(e54cff225e847744d9e8ec5c130e780a) Importer(815301076,1909f56bfc062723c751e8b465ee728b)
Start importing Assets/Prefab/source/source/Drone.fbx using Guid(e54cff225e847744d9e8ec5c130e780a) Importer(815301076,1909f56bfc062723c751e8b465ee728b)  -> (artifact id: 'b06f0429bfc3fb77ed5cae64938b17eb') in 0.401938 seconds 
========================================================================
Received Import Request.
  Time since last request: 35.876385 seconds.
  path: Assets/Prefab/source/textures/Drone_Bump5.png
  artifactKey: Guid(060421e9674ba4b4a989f3702b117ef2) Importer(815301076,1909f56bfc062723c751e8b465ee728b)
Start importing Assets/Prefab/source/textures/Drone_Bump5.png using Guid(060421e9674ba4b4a989f3702b117ef2) Importer(815301076,1909f56bfc062723c751e8b465ee728b)  -> (artifact id: '51cdf5f9391f3137d492442045a8390a') in 0.023536 seconds 
========================================================================
Received Import Request.
  Time since last request: 7.197316 seconds.
  path: Assets/Prefab/source/textures
  artifactKey: Guid(ffa48dc5768438649ada7e20fe35693b) Importer(815301076,1909f56bfc062723c751e8b465ee728b)
Start importing Assets/Prefab/source/textures using Guid(ffa48dc5768438649ada7e20fe35693b) Importer(815301076,1909f56bfc062723c751e8b465ee728b)  -> (artifact id: 'bcc2fe3fcb15d51e8003edd9b9e3972c') in 0.002158 seconds 
========================================================================
Received Import Request.
  Time since last request: 185.933240 seconds.
  path: Assets/Prefab/source 1
  artifactKey: Guid(b95a1511b74272f41ae3048d4458a44e) Importer(815301076,1909f56bfc062723c751e8b465ee728b)
Start importing Assets/Prefab/source 1 using Guid(b95a1511b74272f41ae3048d4458a44e) Importer(815301076,1909f56bfc062723c751e8b465ee728b)  -> (artifact id: '1a935e1c918e18aa5f345b171992da07') in 0.002376 seconds 
========================================================================
Received Import Request.
  Time since last request: 0.099571 seconds.
  path: Assets/Prefab/source 1/drone_skeletalMesh.fbx
  artifactKey: Guid(fe73e0a6e7427ce4093fd19aad0b6642) Importer(815301076,1909f56bfc062723c751e8b465ee728b)
Start importing Assets/Prefab/source 1/drone_skeletalMesh.fbx using Guid(fe73e0a6e7427ce4093fd19aad0b6642) Importer(815301076,1909f56bfc062723c751e8b465ee728b)  -> (artifact id: '35dc63586008e98a6ff6fb15a6ba75d0') in 0.114725 seconds 
========================================================================
Received Import Request.
  Time since last request: 2.984726 seconds.
  path: Assets/Prefab/textures 1/drone_albedo.TGA.png
  artifactKey: Guid(791c7a30d32976d459370314a08902f1) Importer(815301076,1909f56bfc062723c751e8b465ee728b)
Start importing Assets/Prefab/textures 1/drone_albedo.TGA.png using Guid(791c7a30d32976d459370314a08902f1) Importer(815301076,1909f56bfc062723c751e8b465ee728b)  -> (artifact id: '262910fbaf492277c51fa53eef4c0f95') in 0.013372 seconds 
========================================================================
Received Import Request.
  Time since last request: 0.000018 seconds.
  path: Assets/Prefab/textures 1/lights_albedo.TGA.png
  artifactKey: Guid(0016d50614f90744daad9be30be37070) Importer(815301076,1909f56bfc062723c751e8b465ee728b)
Start importing Assets/Prefab/textures 1/lights_albedo.TGA.png using Guid(0016d50614f90744daad9be30be37070) Importer(815301076,1909f56bfc062723c751e8b465ee728b)  -> (artifact id: '8927ebf0af47db5efb1446a93d1b86d9') in 0.010065 seconds 
========================================================================
Received Import Request.
  Time since last request: 0.000033 seconds.
  path: Assets/Prefab/textures 1/drone_normal.TGA.png
  artifactKey: Guid(8edcb79e1115d3b469eec102fa67142d) Importer(815301076,1909f56bfc062723c751e8b465ee728b)
Start importing Assets/Prefab/textures 1/drone_normal.TGA.png using Guid(8edcb79e1115d3b469eec102fa67142d) Importer(815301076,1909f56bfc062723c751e8b465ee728b)  -> (artifact id: 'd2639691fb60675ea0b8af299abb521c') in 0.012570 seconds 
========================================================================
Received Import Request.
  Time since last request: 40.254661 seconds.
  path: Assets/Prefab/textures 1
  artifactKey: Guid(d5c9f64e15de01347b9cf24721729656) Importer(815301076,1909f56bfc062723c751e8b465ee728b)
Start importing Assets/Prefab/textures 1 using Guid(d5c9f64e15de01347b9cf24721729656) Importer(815301076,1909f56bfc062723c751e8b465ee728b)  -> (artifact id: 'cd87b1b595196fe763c6e6031990637a') in 0.002043 seconds 
========================================================================
Received Import Request.
  Time since last request: 5.942074 seconds.
  path: Assets/Prefab/textures 1/New Material.mat
  artifactKey: Guid(11974f98ee5c5824f854a3e6879eec4e) Importer(815301076,1909f56bfc062723c751e8b465ee728b)
Start importing Assets/Prefab/textures 1/New Material.mat using Guid(11974f98ee5c5824f854a3e6879eec4e) Importer(815301076,1909f56bfc062723c751e8b465ee728b)  -> (artifact id: '82bb1594434ad763ee907c33245e5c73') in 0.007350 seconds 
========================================================================
Received Import Request.
  Time since last request: 342.573436 seconds.
  path: Assets/Prefab/source 2
  artifactKey: Guid(30b32635c94f1fe45b5e6c93e93f8fa3) Importer(815301076,1909f56bfc062723c751e8b465ee728b)
Start importing Assets/Prefab/source 2 using Guid(30b32635c94f1fe45b5e6c93e93f8fa3) Importer(815301076,1909f56bfc062723c751e8b465ee728b)  -> (artifact id: 'e33848688539410bf4d5081614084b0d') in 0.002067 seconds 
========================================================================
Received Import Request.
  Time since last request: 0.752618 seconds.
  path: Assets/Prefab/source 2/Dron.fbx
  artifactKey: Guid(30d858e31922875418cdb211c2dce8fd) Importer(815301076,1909f56bfc062723c751e8b465ee728b)
Start importing Assets/Prefab/source 2/Dron.fbx using Guid(30d858e31922875418cdb211c2dce8fd) Importer(815301076,1909f56bfc062723c751e8b465ee728b)  -> (artifact id: '620d279dc007295fbd9c6cf331ff5dd7') in 0.120136 seconds 
========================================================================
Received Import Request.
  Time since last request: 4.880357 seconds.
  path: Assets/Prefab/textures 2/AO.jpg
  artifactKey: Guid(17fe188cc5ec2f74d8519257aa07ece6) Importer(815301076,1909f56bfc062723c751e8b465ee728b)
Start importing Assets/Prefab/textures 2/AO.jpg using Guid(17fe188cc5ec2f74d8519257aa07ece6) Importer(815301076,1909f56bfc062723c751e8b465ee728b)  -> (artifact id: '0d3a603d2384d5ab505d59a1a06571e0') in 0.013241 seconds 
========================================================================
Received Import Request.
  Time since last request: 0.000041 seconds.
  path: Assets/Prefab/textures 2/emissive.jpg
  artifactKey: Guid(9cb3cc4f2c1566e488274287181bbc9f) Importer(815301076,1909f56bfc062723c751e8b465ee728b)
Start importing Assets/Prefab/textures 2/emissive.jpg using Guid(9cb3cc4f2c1566e488274287181bbc9f) Importer(815301076,1909f56bfc062723c751e8b465ee728b)  -> (artifact id: 'd3190b07b461335953f96ae4fbe650b6') in 0.008921 seconds 
========================================================================
Received Import Request.
  Time since last request: 0.000022 seconds.
  path: Assets/Prefab/textures 2/Roughness.jpg
  artifactKey: Guid(3c2c9c2784ce9f64ca4b0cd50cbd1a39) Importer(815301076,1909f56bfc062723c751e8b465ee728b)
Start importing Assets/Prefab/textures 2/Roughness.jpg using Guid(3c2c9c2784ce9f64ca4b0cd50cbd1a39) Importer(815301076,1909f56bfc062723c751e8b465ee728b)  -> (artifact id: 'b3758618bb58754cccaba396a61b134f') in 0.008729 seconds 
========================================================================
Received Import Request.
  Time since last request: 0.000030 seconds.
  path: Assets/Prefab/textures 2/Metall.jpg
  artifactKey: Guid(25a12cb604044884a899ab513304253b) Importer(815301076,1909f56bfc062723c751e8b465ee728b)
Start importing Assets/Prefab/textures 2/Metall.jpg using Guid(25a12cb604044884a899ab513304253b) Importer(815301076,1909f56bfc062723c751e8b465ee728b)  -> (artifact id: 'ac0f899e942b62fe0983e265a5789479') in 0.007075 seconds 
========================================================================
Received Import Request.
  Time since last request: 0.000018 seconds.
  path: Assets/Prefab/textures 2/Normal2.png
  artifactKey: Guid(8417f8768af8a264c915b699026d6c55) Importer(815301076,1909f56bfc062723c751e8b465ee728b)
Start importing Assets/Prefab/textures 2/Normal2.png using Guid(8417f8768af8a264c915b699026d6c55) Importer(815301076,1909f56bfc062723c751e8b465ee728b)  -> (artifact id: 'a3cdd09835ee1318c95badad003611c4') in 0.009436 seconds 
========================================================================
Received Import Request.
  Time since last request: 0.000017 seconds.
  path: Assets/Prefab/textures 2/opacity.jpg
  artifactKey: Guid(a9b2275914bbc1c47815864ee643063c) Importer(815301076,1909f56bfc062723c751e8b465ee728b)
Start importing Assets/Prefab/textures 2/opacity.jpg using Guid(a9b2275914bbc1c47815864ee643063c) Importer(815301076,1909f56bfc062723c751e8b465ee728b)  -> (artifact id: '092a7b493a12d145b6e7fdd1114047c0') in 0.009593 seconds 
========================================================================
Received Prepare
Registering precompiled user dll's ...
Registered in 0.003927 seconds.
Begin MonoManager ReloadAssembly
Symbol file LoadedFromMemory doesn't match image C:\Users\Александр\OneDrive\Документы\GitHub\Quadrocopter\Quadrocopter\Library\PackageCache\com.unity.visualscripting@1.8.0\Editor\VisualScripting.Core\Dependencies\YamlDotNet\Unity.VisualScripting.YamlDotNet.dll
Symbol file LoadedFromMemory doesn't match image C:\Users\Александр\OneDrive\Документы\GitHub\Quadrocopter\Quadrocopter\Library\PackageCache\com.unity.visualscripting@1.8.0\Editor\VisualScripting.Core\Dependencies\DotNetZip\Unity.VisualScripting.IonicZip.dll
Native extension for WindowsStandalone target not found
Refreshing native plugins compatible for Editor in 0.54 ms, found 3 plugins.
Preloading 0 native plugins for Editor in 0.00 ms.
Mono: successfully reloaded assembly
- Completed reload, in  0.801 seconds
Domain Reload Profiling:
	ReloadAssembly (802ms)
		BeginReloadAssembly (123ms)
			ExecutionOrderSort (0ms)
			DisableScriptedObjects (3ms)
			BackupInstance (0ms)
			ReleaseScriptingObjects (0ms)
			CreateAndSetChildDomain (39ms)
		EndReloadAssembly (589ms)
			LoadAssemblies (73ms)
			RebuildTransferFunctionScriptingTraits (0ms)
			SetupTypeCache (228ms)
			ReleaseScriptCaches (2ms)
			RebuildScriptCaches (39ms)
			SetupLoadedEditorAssemblies (219ms)
				LogAssemblyErrors (0ms)
				InitializePlatformSupportModulesInManaged (10ms)
				SetLoadedEditorAssemblies (0ms)
				RefreshPlugins (1ms)
				BeforeProcessingInitializeOnLoad (48ms)
				ProcessInitializeOnLoadAttributes (140ms)
				ProcessInitializeOnLoadMethodAttributes (14ms)
				AfterProcessingInitializeOnLoad (7ms)
				EditorAssembliesLoaded (0ms)
			ExecutionOrderSort2 (0ms)
			AwakeInstancesAfterBackupRestoration (6ms)
Platform modules already initialized, skipping
Refreshing native plugins compatible for Editor in 2.23 ms, found 3 plugins.
Preloading 0 native plugins for Editor in 0.00 ms.
Unloading 3044 Unused Serialized files (Serialized files now loaded: 0)
Unloading 17 unused Assets / (80.1 KB). Loaded Objects now: 3562.
Memory consumption went from 126.1 MB to 126.0 MB.
Total: 3.683000 ms (FindLiveObjects: 0.401300 ms CreateObjectMapping: 0.160700 ms MarkObjects: 2.987300 ms  DeleteObjects: 0.131900 ms)

AssetImportParameters requested are different than current active one (requested -> active):
  custom:video-decoder-ogg-theora: a1e56fd34408186e4bbccfd4996cb3dc -> 
  custom:container-muxer-webm: aa71ff27fc2769a1b78a27578f13a17b -> 
  custom:container-demuxer-webm: 4f35f7cbe854078d1ac9338744f61a02 -> 
  custom:video-encoder-webm-vp8: eb34c28f22e8b96e1ab97ce403110664 -> 
  custom:video-codec-MediaFoundation-h265: 746d11721c4dcdbdad8f713fa42b33f4 -> 
  custom:audio-encoder-webm-vorbis: bf7c407c2cedff20999df2af8eb42d56 -> 
  custom:framework-win-MediaFoundation: 216162199b28c13a410421893ffa2e32 -> 
  custom:container-demuxer-ogg: 62fdf1f143b41e24485cea50d1cbac27 -> 
  custom:video-decoder-webm-vp8: 9c59270c3fd7afecdb556c50c9e8de78 -> 
  custom:audio-decoder-ogg-vorbis: bf7c407c2cedff20999df2af8eb42d56 -> 
========================================================================
Received Prepare
Registering precompiled user dll's ...
Registered in 0.020961 seconds.
Begin MonoManager ReloadAssembly
Symbol file LoadedFromMemory doesn't match image C:\Users\Александр\OneDrive\Документы\GitHub\Quadrocopter\Quadrocopter\Library\PackageCache\com.unity.visualscripting@1.8.0\Editor\VisualScripting.Core\Dependencies\YamlDotNet\Unity.VisualScripting.YamlDotNet.dll
Symbol file LoadedFromMemory doesn't match image C:\Users\Александр\OneDrive\Документы\GitHub\Quadrocopter\Quadrocopter\Library\PackageCache\com.unity.visualscripting@1.8.0\Editor\VisualScripting.Core\Dependencies\DotNetZip\Unity.VisualScripting.IonicZip.dll
Native extension for WindowsStandalone target not found
Refreshing native plugins compatible for Editor in 1.55 ms, found 3 plugins.
Preloading 0 native plugins for Editor in 0.00 ms.
Mono: successfully reloaded assembly
- Completed reload, in  4.403 seconds
Domain Reload Profiling:
	ReloadAssembly (4406ms)
		BeginReloadAssembly (497ms)
			ExecutionOrderSort (0ms)
			DisableScriptedObjects (21ms)
			BackupInstance (0ms)
			ReleaseScriptingObjects (0ms)
			CreateAndSetChildDomain (127ms)
		EndReloadAssembly (3423ms)
			LoadAssemblies (325ms)
			RebuildTransferFunctionScriptingTraits (0ms)
			SetupTypeCache (1253ms)
			ReleaseScriptCaches (3ms)
			RebuildScriptCaches (183ms)
			SetupLoadedEditorAssemblies (1423ms)
				LogAssemblyErrors (0ms)
				InitializePlatformSupportModulesInManaged (48ms)
				SetLoadedEditorAssemblies (2ms)
				RefreshPlugins (2ms)
				BeforeProcessingInitializeOnLoad (323ms)
				ProcessInitializeOnLoadAttributes (900ms)
				ProcessInitializeOnLoadMethodAttributes (96ms)
				AfterProcessingInitializeOnLoad (51ms)
				EditorAssembliesLoaded (1ms)
			ExecutionOrderSort2 (0ms)
			AwakeInstancesAfterBackupRestoration (42ms)
Platform modules already initialized, skipping
Refreshing native plugins compatible for Editor in 8.05 ms, found 3 plugins.
Preloading 0 native plugins for Editor in 0.00 ms.
Unloading 3044 Unused Serialized files (Serialized files now loaded: 0)
Unloading 17 unused Assets / (80.1 KB). Loaded Objects now: 3565.
Memory consumption went from 126.1 MB to 126.0 MB.
Total: 9.072200 ms (FindLiveObjects: 0.781600 ms CreateObjectMapping: 0.412500 ms MarkObjects: 7.572100 ms  DeleteObjects: 0.302600 ms)

AssetImportParameters requested are different than current active one (requested -> active):
  custom:video-decoder-ogg-theora: a1e56fd34408186e4bbccfd4996cb3dc -> 
  custom:container-muxer-webm: aa71ff27fc2769a1b78a27578f13a17b -> 
  custom:container-demuxer-webm: 4f35f7cbe854078d1ac9338744f61a02 -> 
  custom:video-encoder-webm-vp8: eb34c28f22e8b96e1ab97ce403110664 -> 
  custom:video-codec-MediaFoundation-h265: 746d11721c4dcdbdad8f713fa42b33f4 -> 
  custom:audio-encoder-webm-vorbis: bf7c407c2cedff20999df2af8eb42d56 -> 
  custom:framework-win-MediaFoundation: 216162199b28c13a410421893ffa2e32 -> 
  custom:container-demuxer-ogg: 62fdf1f143b41e24485cea50d1cbac27 -> 
  custom:video-decoder-webm-vp8: 9c59270c3fd7afecdb556c50c9e8de78 -> 
  custom:audio-decoder-ogg-vorbis: bf7c407c2cedff20999df2af8eb42d56 -> 
========================================================================
Received Prepare
Registering precompiled user dll's ...
Registered in 0.025537 seconds.
Begin MonoManager ReloadAssembly
Symbol file LoadedFromMemory doesn't match image C:\Users\Александр\OneDrive\Документы\GitHub\Quadrocopter\Quadrocopter\Library\PackageCache\com.unity.visualscripting@1.8.0\Editor\VisualScripting.Core\Dependencies\YamlDotNet\Unity.VisualScripting.YamlDotNet.dll
Symbol file LoadedFromMemory doesn't match image C:\Users\Александр\OneDrive\Документы\GitHub\Quadrocopter\Quadrocopter\Library\PackageCache\com.unity.visualscripting@1.8.0\Editor\VisualScripting.Core\Dependencies\DotNetZip\Unity.VisualScripting.IonicZip.dll
Native extension for WindowsStandalone target not found
Refreshing native plugins compatible for Editor in 1.42 ms, found 3 plugins.
Preloading 0 native plugins for Editor in 0.00 ms.
Mono: successfully reloaded assembly
- Completed reload, in  4.393 seconds
Domain Reload Profiling:
	ReloadAssembly (4396ms)
		BeginReloadAssembly (463ms)
			ExecutionOrderSort (0ms)
			DisableScriptedObjects (20ms)
			BackupInstance (0ms)
			ReleaseScriptingObjects (0ms)
			CreateAndSetChildDomain (94ms)
		EndReloadAssembly (3422ms)
			LoadAssemblies (318ms)
			RebuildTransferFunctionScriptingTraits (0ms)
			SetupTypeCache (1163ms)
			ReleaseScriptCaches (5ms)
			RebuildScriptCaches (184ms)
			SetupLoadedEditorAssemblies (1484ms)
				LogAssemblyErrors (0ms)
				InitializePlatformSupportModulesInManaged (65ms)
				SetLoadedEditorAssemblies (2ms)
				RefreshPlugins (2ms)
				BeforeProcessingInitializeOnLoad (316ms)
				ProcessInitializeOnLoadAttributes (934ms)
				ProcessInitializeOnLoadMethodAttributes (107ms)
				AfterProcessingInitializeOnLoad (57ms)
				EditorAssembliesLoaded (1ms)
			ExecutionOrderSort2 (0ms)
			AwakeInstancesAfterBackupRestoration (40ms)
Platform modules already initialized, skipping
Refreshing native plugins compatible for Editor in 8.84 ms, found 3 plugins.
Preloading 0 native plugins for Editor in 0.00 ms.
Unloading 3053 Unused Serialized files (Serialized files now loaded: 0)
Unloading 17 unused Assets / (80.3 KB). Loaded Objects now: 3577.
Memory consumption went from 126.3 MB to 126.2 MB.
Total: 8.796400 ms (FindLiveObjects: 0.639400 ms CreateObjectMapping: 0.344000 ms MarkObjects: 7.532600 ms  DeleteObjects: 0.276800 ms)

AssetImportParameters requested are different than current active one (requested -> active):
  custom:video-decoder-ogg-theora: a1e56fd34408186e4bbccfd4996cb3dc -> 
  custom:container-muxer-webm: aa71ff27fc2769a1b78a27578f13a17b -> 
  custom:container-demuxer-webm: 4f35f7cbe854078d1ac9338744f61a02 -> 
  custom:video-encoder-webm-vp8: eb34c28f22e8b96e1ab97ce403110664 -> 
  custom:video-codec-MediaFoundation-h265: 746d11721c4dcdbdad8f713fa42b33f4 -> 
  custom:audio-encoder-webm-vorbis: bf7c407c2cedff20999df2af8eb42d56 -> 
  custom:framework-win-MediaFoundation: 216162199b28c13a410421893ffa2e32 -> 
  custom:container-demuxer-ogg: 62fdf1f143b41e24485cea50d1cbac27 -> 
  custom:video-decoder-webm-vp8: 9c59270c3fd7afecdb556c50c9e8de78 -> 
  custom:audio-decoder-ogg-vorbis: bf7c407c2cedff20999df2af8eb42d56 -> 
========================================================================
Received Import Request.
  Time since last request: 2576.089454 seconds.
  path: Assets/Helicopter/Resources/Audio/ride of the valkyries.mp3
  artifactKey: Guid(0ee376d09a795de4dabc57647c9eaf14) Importer(815301076,1909f56bfc062723c751e8b465ee728b)
Start importing Assets/Helicopter/Resources/Audio/ride of the valkyries.mp3 using Guid(0ee376d09a795de4dabc57647c9eaf14) Importer(815301076,1909f56bfc062723c751e8b465ee728b)  -> (artifact id: 'b5b3e5948b1b261881021c31209e0371') in 0.307318 seconds 
========================================================================
Received Import Request.
  Time since last request: 4.224937 seconds.
  path: Assets/Helicopter/Resources/Models/Checkpoint.FBX
  artifactKey: Guid(059e7d511f5f4a1498f289d6f83f53d5) Importer(815301076,1909f56bfc062723c751e8b465ee728b)
Start importing Assets/Helicopter/Resources/Models/Checkpoint.FBX using Guid(059e7d511f5f4a1498f289d6f83f53d5) Importer(815301076,1909f56bfc062723c751e8b465ee728b)  -> (artifact id: '767edb1e5f80c7fc4afc1e41c66b8e27') in 0.181272 seconds 
========================================================================
Received Import Request.
  Time since last request: 0.000058 seconds.
  path: Assets/Helicopter/Resources/Models/Terrain.asset
  artifactKey: Guid(19c51f4ed159d704f8eef2b101b0ae2a) Importer(815301076,1909f56bfc062723c751e8b465ee728b)
Start importing Assets/Helicopter/Resources/Models/Terrain.asset using Guid(19c51f4ed159d704f8eef2b101b0ae2a) Importer(815301076,1909f56bfc062723c751e8b465ee728b) 
=================================================================
	Native Crash Reporting
=================================================================
Got a UNKNOWN while executing native code. This usually indicates
a fatal error in the mono runtime or one of the native libraries 
used by your application.
=================================================================

=================================================================
	Managed Stacktrace:
=================================================================
=================================================================
Received signal SIGSEGV
Obtained 30 stack frames
0x00007ff6c5f199a9 (Unity) CreateAssetToGUIDMappingV2
0x00007ff6c5eaacca (Unity) AssetDatabase::CreateAssetToGUIDMapping
0x00007ff6c53a6d3f (Unity) SplatDatabase::CreateTerrainLayerAsset
0x00007ff6c53a5000 (Unity) SplatDatabase::ConvertSplatsToTerrainLayers
0x00007ff6c53a18dc (Unity) SplatDatabase::AwakeFromLoad
0x00007ff6c53d3676 (Unity) TerrainData::AwakeFromLoad
0x00007ff6c4c03ccf (Unity) AwakeFromLoadQueue::InvokePersistentManagerAwake
0x00007ff6c4c0473c (Unity) AwakeFromLoadQueue::PersistentManagerAwakeFromLoad
0x00007ff6c4c048a3 (Unity) AwakeFromLoadQueue::PersistentManagerAwakeFromLoad
0x00007ff6c4bd6ea2 (Unity) PersistentManager::IntegrateAllThreadedObjects
0x00007ff6c4bd7930 (Unity) PersistentManager::LoadAndIntegrateAllPreallocatedObjects
0x00007ff6c4bdb882 (Unity) PersistentManager::ReadObject
0x00007ff6c5e9bc21 (Unity) WritePreviews
0x00007ff6c5e94045 (Unity) PreviewImporter::GenerateAssetData
0x00007ff6c5eda721 (Unity) ImportToObjects
0x00007ff6c5ed9683 (Unity) ImportAsset
0x00007ff6c5efc0e1 (Unity) AssetImportWorker::Import
0x00007ff6c5f629d8 (Unity) <lambda_4280b031ebcc7d1adb8e337ef41df5eb>::operator()
0x00007ff6c5fa4a22 (Unity) asio::detail::completion_handler<core::mutable_function<void __cdecl(void)>,asio::io_context::basic_executor_type<std::allocator<void>,0> >::do_complete
0x00007ff6c5f9090e (Unity) asio::detail::win_iocp_io_context::do_one
0x00007ff6c5f92574 (Unity) asio::detail::win_iocp_io_context::run
0x00007ff6c5fa2e0e (Unity) IOService::Run
0x00007ff6c5f7583f (Unity) AssetImportWorkerClient::Run
0x00007ff6c5f3f113 (Unity) RunAssetImportWorkerClientV2
0x00007ff6c5f3f19b (Unity) RunAssetImporterV2
0x00007ff6c5759628 (Unity) Application::InitializeProject
0x00007ff6c5bbefe8 (Unity) WinMain
0x00007ff6c6f7484e (Unity) __scrt_common_main_seh
0x00007ffa70117614 (KERNEL32) BaseThreadInitThunk
0x00007ffa716426a1 (ntdll) RtlUserThreadStart

