Using pre-set license
Built from '2021.3/staging' branch; Version is '2021.3.18f1 (3129e69bc0c7) revision 3221990'; Using compiler version '192829333'; Build Type 'Release'
OS: 'Windows 10  (10.0.19044) 64bit CoreSingleLanguage' Language: 'ru' Physical Memory: 16121 MB
BatchMode: 1, IsHumanControllingUs: 0, StartBugReporterOnCrash: 0, Is64bit: 1, IsPro: 1

COMMAND LINE ARGUMENTS:
C:\Program Files\Unity\Hub\Editor\2021.3.18f1\Editor\Unity.exe
-adb2
-batchMode
-noUpm
-name
AssetImportWorker0
-projectPath
C:/Users/Александр/OneDrive/Документы/GitHub/Quadrocopter/Quadrocopter
-logFile
Logs/AssetImportWorker0.log
-srvPort
54767
Successfully changed project path to: C:/Users/Александр/OneDrive/Документы/GitHub/Quadrocopter/Quadrocopter
C:/Users/Александр/OneDrive/Документы/GitHub/Quadrocopter/Quadrocopter
[UnityMemory] Configuration Parameters - Can be set up in boot.config
    "memorysetup-bucket-allocator-granularity=16"
    "memorysetup-bucket-allocator-bucket-count=8"
    "memorysetup-bucket-allocator-block-size=33554432"
    "memorysetup-bucket-allocator-block-count=8"
    "memorysetup-main-allocator-block-size=16777216"
    "memorysetup-thread-allocator-block-size=16777216"
    "memorysetup-gfx-main-allocator-block-size=16777216"
    "memorysetup-gfx-thread-allocator-block-size=16777216"
    "memorysetup-cache-allocator-block-size=4194304"
    "memorysetup-typetree-allocator-block-size=2097152"
    "memorysetup-profiler-bucket-allocator-granularity=16"
    "memorysetup-profiler-bucket-allocator-bucket-count=8"
    "memorysetup-profiler-bucket-allocator-block-size=33554432"
    "memorysetup-profiler-bucket-allocator-block-count=8"
    "memorysetup-profiler-allocator-block-size=16777216"
    "memorysetup-profiler-editor-allocator-block-size=1048576"
    "memorysetup-temp-allocator-size-main=16777216"
    "memorysetup-job-temp-allocator-block-size=2097152"
    "memorysetup-job-temp-allocator-block-size-background=1048576"
    "memorysetup-job-temp-allocator-reduction-small-platforms=262144"
    "memorysetup-temp-allocator-size-background-worker=32768"
    "memorysetup-temp-allocator-size-job-worker=262144"
    "memorysetup-temp-allocator-size-preload-manager=33554432"
    "memorysetup-temp-allocator-size-nav-mesh-worker=65536"
    "memorysetup-temp-allocator-size-audio-worker=65536"
    "memorysetup-temp-allocator-size-cloud-worker=32768"
    "memorysetup-temp-allocator-size-gi-baking-worker=262144"
    "memorysetup-temp-allocator-size-gfx=262144"
Player connection [7108] Host "[IP] 10.141.3.143 [Port] 0 [Flags] 2 [Guid] 1230203012 [EditorId] 1230203012 [Version] 1048832 [Id] WindowsEditor(7,LAPTOP-8LOLL0BP) [Debug] 1 [PackageName] WindowsEditor [ProjectName] Editor" joined multi-casting on [225.0.0.222:54997]...

Player connection [7108] Host "[IP] 10.141.3.143 [Port] 0 [Flags] 2 [Guid] 1230203012 [EditorId] 1230203012 [Version] 1048832 [Id] WindowsEditor(7,LAPTOP-8LOLL0BP) [Debug] 1 [PackageName] WindowsEditor [ProjectName] Editor" joined alternative multi-casting on [225.0.0.222:34997]...

Refreshing native plugins compatible for Editor in 69.08 ms, found 3 plugins.
Preloading 0 native plugins for Editor in 0.00 ms.
Initialize engine version: 2021.3.18f1 (3129e69bc0c7)
[Subsystems] Discovering subsystems at path C:/Program Files/Unity/Hub/Editor/2021.3.18f1/Editor/Data/Resources/UnitySubsystems
[Subsystems] Discovering subsystems at path C:/Users/Александр/OneDrive/Документы/GitHub/Quadrocopter/Quadrocopter/Assets
GfxDevice: creating device client; threaded=0; jobified=0
Direct3D:
    Version:  Direct3D 11.0 [level 11.1]
    Renderer: NVIDIA GeForce RTX 3060 Laptop GPU (ID=0x2520)
    Vendor:   NVIDIA
    VRAM:     6009 MB
    Driver:   31.0.15.2698
Initialize mono
Mono path[0] = 'C:/Program Files/Unity/Hub/Editor/2021.3.18f1/Editor/Data/Managed'
Mono path[1] = 'C:/Program Files/Unity/Hub/Editor/2021.3.18f1/Editor/Data/MonoBleedingEdge/lib/mono/unityjit-win32'
Mono config path = 'C:/Program Files/Unity/Hub/Editor/2021.3.18f1/Editor/Data/MonoBleedingEdge/etc'
Using monoOptions --debugger-agent=transport=dt_socket,embedding=1,server=y,suspend=n,address=127.0.0.1:56432
Begin MonoManager ReloadAssembly
Registering precompiled unity dll's ...
Register platform support module: C:/Program Files/Unity/Hub/Editor/2021.3.18f1/Editor/Data/PlaybackEngines/WindowsStandaloneSupport/UnityEditor.WindowsStandalone.Extensions.dll
Registered in 0.004971 seconds.
Native extension for WindowsStandalone target not found
Refreshing native plugins compatible for Editor in 61.19 ms, found 3 plugins.
Preloading 0 native plugins for Editor in 0.00 ms.
Mono: successfully reloaded assembly
- Completed reload, in  0.495 seconds
Domain Reload Profiling:
	ReloadAssembly (495ms)
		BeginReloadAssembly (58ms)
			ExecutionOrderSort (0ms)
			DisableScriptedObjects (0ms)
			BackupInstance (0ms)
			ReleaseScriptingObjects (0ms)
			CreateAndSetChildDomain (1ms)
		EndReloadAssembly (354ms)
			LoadAssemblies (56ms)
			RebuildTransferFunctionScriptingTraits (0ms)
			SetupTypeCache (90ms)
			ReleaseScriptCaches (0ms)
			RebuildScriptCaches (22ms)
			SetupLoadedEditorAssemblies (200ms)
				LogAssemblyErrors (0ms)
				InitializePlatformSupportModulesInManaged (7ms)
				SetLoadedEditorAssemblies (0ms)
				RefreshPlugins (61ms)
				BeforeProcessingInitializeOnLoad (1ms)
				ProcessInitializeOnLoadAttributes (94ms)
				ProcessInitializeOnLoadMethodAttributes (37ms)
				AfterProcessingInitializeOnLoad (0ms)
				EditorAssembliesLoaded (0ms)
			ExecutionOrderSort2 (0ms)
			AwakeInstancesAfterBackupRestoration (0ms)
Platform modules already initialized, skipping
Registering precompiled user dll's ...
Registered in 0.004412 seconds.
Begin MonoManager ReloadAssembly
Symbol file LoadedFromMemory doesn't match image C:\Users\Александр\OneDrive\Документы\GitHub\Quadrocopter\Quadrocopter\Library\PackageCache\com.unity.visualscripting@1.8.0\Editor\VisualScripting.Core\Dependencies\YamlDotNet\Unity.VisualScripting.YamlDotNet.dll
Symbol file LoadedFromMemory doesn't match image C:\Users\Александр\OneDrive\Документы\GitHub\Quadrocopter\Quadrocopter\Library\PackageCache\com.unity.visualscripting@1.8.0\Editor\VisualScripting.Core\Dependencies\DotNetZip\Unity.VisualScripting.IonicZip.dll
Native extension for WindowsStandalone target not found
Refreshing native plugins compatible for Editor in 0.55 ms, found 3 plugins.
Preloading 0 native plugins for Editor in 0.00 ms.
Mono: successfully reloaded assembly
- Completed reload, in  0.824 seconds
Domain Reload Profiling:
	ReloadAssembly (825ms)
		BeginReloadAssembly (99ms)
			ExecutionOrderSort (0ms)
			DisableScriptedObjects (5ms)
			BackupInstance (0ms)
			ReleaseScriptingObjects (0ms)
			CreateAndSetChildDomain (19ms)
		EndReloadAssembly (626ms)
			LoadAssemblies (91ms)
			RebuildTransferFunctionScriptingTraits (0ms)
			SetupTypeCache (208ms)
			ReleaseScriptCaches (1ms)
			RebuildScriptCaches (39ms)
			SetupLoadedEditorAssemblies (264ms)
				LogAssemblyErrors (0ms)
				InitializePlatformSupportModulesInManaged (4ms)
				SetLoadedEditorAssemblies (0ms)
				RefreshPlugins (1ms)
				BeforeProcessingInitializeOnLoad (69ms)
				ProcessInitializeOnLoadAttributes (167ms)
				ProcessInitializeOnLoadMethodAttributes (15ms)
				AfterProcessingInitializeOnLoad (8ms)
				EditorAssembliesLoaded (0ms)
			ExecutionOrderSort2 (0ms)
			AwakeInstancesAfterBackupRestoration (6ms)
Platform modules already initialized, skipping
========================================================================
Worker process is ready to serve import requests
Launched and connected shader compiler UnityShaderCompiler.exe after 0.03 seconds
Refreshing native plugins compatible for Editor in 0.81 ms, found 3 plugins.
Preloading 0 native plugins for Editor in 0.00 ms.
Unloading 3048 Unused Serialized files (Serialized files now loaded: 0)
Unloading 24 unused Assets / (113.8 KB). Loaded Objects now: 3508.
Memory consumption went from 108.4 MB to 108.3 MB.
Total: 2.640200 ms (FindLiveObjects: 0.247300 ms CreateObjectMapping: 0.126400 ms MarkObjects: 2.156300 ms  DeleteObjects: 0.109300 ms)

AssetImportParameters requested are different than current active one (requested -> active):
  custom:video-decoder-ogg-theora: a1e56fd34408186e4bbccfd4996cb3dc -> 
  custom:container-muxer-webm: aa71ff27fc2769a1b78a27578f13a17b -> 
  custom:container-demuxer-webm: 4f35f7cbe854078d1ac9338744f61a02 -> 
  custom:video-encoder-webm-vp8: eb34c28f22e8b96e1ab97ce403110664 -> 
  custom:video-codec-MediaFoundation-h265: 746d11721c4dcdbdad8f713fa42b33f4 -> 
  custom:audio-encoder-webm-vorbis: bf7c407c2cedff20999df2af8eb42d56 -> 
  custom:framework-win-MediaFoundation: 216162199b28c13a410421893ffa2e32 -> 
  custom:container-demuxer-ogg: 62fdf1f143b41e24485cea50d1cbac27 -> 
  custom:video-decoder-webm-vp8: 9c59270c3fd7afecdb556c50c9e8de78 -> 
  custom:audio-decoder-ogg-vorbis: bf7c407c2cedff20999df2af8eb42d56 -> 
========================================================================
Received Import Request.
  Time since last request: 253286.542512 seconds.
  path: Assets/Scenes
  artifactKey: Guid(6ea315d0fd7389c41b19996891e99ae3) Importer(815301076,1909f56bfc062723c751e8b465ee728b)
Start importing Assets/Scenes using Guid(6ea315d0fd7389c41b19996891e99ae3) Importer(815301076,1909f56bfc062723c751e8b465ee728b)  -> (artifact id: 'b8193726cff86800c54781cdc6d54904') in 0.007762 seconds 
========================================================================
Received Import Request.
  Time since last request: 14.417163 seconds.
  path: Assets/Scenes/Menu.unity
  artifactKey: Guid(6507e561520a585448bc685137b1ced5) Importer(815301076,1909f56bfc062723c751e8b465ee728b)
Start importing Assets/Scenes/Menu.unity using Guid(6507e561520a585448bc685137b1ced5) Importer(815301076,1909f56bfc062723c751e8b465ee728b)  -> (artifact id: 'd08f650940de8292051e24f26aecf8ca') in 0.001966 seconds 
========================================================================
Received Import Request.
  Time since last request: 148.798536 seconds.
  path: Assets/Sprite
  artifactKey: Guid(96c94e9c2f1853348bd356af03814d23) Importer(815301076,1909f56bfc062723c751e8b465ee728b)
Start importing Assets/Sprite using Guid(96c94e9c2f1853348bd356af03814d23) Importer(815301076,1909f56bfc062723c751e8b465ee728b)  -> (artifact id: '10b8b0358041b8ae4caf18d32b3512b7') in 0.001938 seconds 
========================================================================
Received Import Request.
  Time since last request: 714.702892 seconds.
  path: Assets/Scenes/SampleScene.unity
  artifactKey: Guid(9fc0d4010bbf28b4594072e72b8655ab) Importer(815301076,1909f56bfc062723c751e8b465ee728b)
Start importing Assets/Scenes/SampleScene.unity using Guid(9fc0d4010bbf28b4594072e72b8655ab) Importer(815301076,1909f56bfc062723c751e8b465ee728b)  -> (artifact id: 'e55ccaa32d8e5c1de03c07a5412c8c3c') in 0.002773 seconds 
========================================================================
Received Import Request.
  Time since last request: 2.743727 seconds.
  path: Assets/Scenes/Menu.unity
  artifactKey: Guid(6507e561520a585448bc685137b1ced5) Importer(815301076,1909f56bfc062723c751e8b465ee728b)
Start importing Assets/Scenes/Menu.unity using Guid(6507e561520a585448bc685137b1ced5) Importer(815301076,1909f56bfc062723c751e8b465ee728b)  -> (artifact id: 'b09656b6b97346ee5c18d53213aa8658') in 0.001920 seconds 
========================================================================
Received Import Request.
  Time since last request: 1034.165995 seconds.
  path: Assets/Prefab
  artifactKey: Guid(ed2d67e7f590dc24da9f0840506e92e0) Importer(815301076,1909f56bfc062723c751e8b465ee728b)
Start importing Assets/Prefab using Guid(ed2d67e7f590dc24da9f0840506e92e0) Importer(815301076,1909f56bfc062723c751e8b465ee728b)  -> (artifact id: 'a37e7aa328f7c0a7392aa945c584aefa') in 0.004711 seconds 
========================================================================
Received Import Request.
  Time since last request: 11.992589 seconds.
  path: Assets/Prefab/quadrocopter-drone-animated.zip
  artifactKey: Guid(0238f184e1256134a9fdad76e894b269) Importer(815301076,1909f56bfc062723c751e8b465ee728b)
Start importing Assets/Prefab/quadrocopter-drone-animated.zip using Guid(0238f184e1256134a9fdad76e894b269) Importer(815301076,1909f56bfc062723c751e8b465ee728b)  -> (artifact id: 'a35651e44fd0e582e5a177ce07ef531c') in 0.024882 seconds 
========================================================================
Received Import Request.
  Time since last request: 38.009281 seconds.
  path: Assets/Prefab/source
  artifactKey: Guid(abe9d1fd1d8ee88429a18a79ed44e18a) Importer(815301076,1909f56bfc062723c751e8b465ee728b)
Start importing Assets/Prefab/source using Guid(abe9d1fd1d8ee88429a18a79ed44e18a) Importer(815301076,1909f56bfc062723c751e8b465ee728b)  -> (artifact id: 'ed4c1add5d485bc816ff377fe93a5c33') in 0.002418 seconds 
========================================================================
Received Import Request.
  Time since last request: 0.249336 seconds.
  path: Assets/Prefab/source/dron_rig_unwrap_animated.fbx
  artifactKey: Guid(d3254c569caa69640b9676359686c145) Importer(815301076,1909f56bfc062723c751e8b465ee728b)
Start importing Assets/Prefab/source/dron_rig_unwrap_animated.fbx using Guid(d3254c569caa69640b9676359686c145) Importer(815301076,1909f56bfc062723c751e8b465ee728b)  -> (artifact id: '8dd31343e623237df8a0606c0a7b7adc') in 1.312169 seconds 
========================================================================
Received Import Request.
  Time since last request: 1118.426986 seconds.
  path: Assets/Prefab/source/textures/Drone_color_kiriko.png
  artifactKey: Guid(1462d6a73ec242e469f54a52806d0c2a) Importer(815301076,1909f56bfc062723c751e8b465ee728b)
Start importing Assets/Prefab/source/textures/Drone_color_kiriko.png using Guid(1462d6a73ec242e469f54a52806d0c2a) Importer(815301076,1909f56bfc062723c751e8b465ee728b)  -> (artifact id: '6011bd015b4455787607923f9f1c0369') in 0.022925 seconds 
========================================================================
Received Import Request.
  Time since last request: 196.346927 seconds.
  path: Assets/Prefab/textures 1/drone_metallic.TGA.png
  artifactKey: Guid(81c4e7c686111304485ac7a04f12588f) Importer(815301076,1909f56bfc062723c751e8b465ee728b)
Start importing Assets/Prefab/textures 1/drone_metallic.TGA.png using Guid(81c4e7c686111304485ac7a04f12588f) Importer(815301076,1909f56bfc062723c751e8b465ee728b)  -> (artifact id: '7ff1c1610086be718fdbcbcfc87374ee') in 0.013203 seconds 
========================================================================
Received Import Request.
  Time since last request: 0.000025 seconds.
  path: Assets/Prefab/textures 1/drone_roughness.TGA.png
  artifactKey: Guid(e1cfff6c812a56048a60a20c908a42ca) Importer(815301076,1909f56bfc062723c751e8b465ee728b)
Start importing Assets/Prefab/textures 1/drone_roughness.TGA.png using Guid(e1cfff6c812a56048a60a20c908a42ca) Importer(815301076,1909f56bfc062723c751e8b465ee728b)  -> (artifact id: 'd0afeecd16e7071a1ec6ffdc41efaedf') in 0.012251 seconds 
========================================================================
Received Import Request.
  Time since last request: 0.000097 seconds.
  path: Assets/Prefab/textures 1/lights_normal.TGA.png
  artifactKey: Guid(616966210e9f4f348b18f6495bdfbf61) Importer(815301076,1909f56bfc062723c751e8b465ee728b)
Start importing Assets/Prefab/textures 1/lights_normal.TGA.png using Guid(616966210e9f4f348b18f6495bdfbf61) Importer(815301076,1909f56bfc062723c751e8b465ee728b)  -> (artifact id: '1e34d9e8763901c6401c8955fe70436a') in 0.009734 seconds 
Editor requested this worker to shutdown with reason: Scaling down because of idle timeout
AssetImportWorker is now disconnected from the server
Process exiting
Exiting without the bug reporter. Application will terminate with return code 0