Using pre-set license
Built from '2021.3/staging' branch; Version is '2021.3.18f1 (3129e69bc0c7) revision 3221990'; Using compiler version '192829333'; Build Type 'Release'
OS: 'Windows 10  (10.0.19044) 64bit CoreSingleLanguage' Language: 'ru' Physical Memory: 16121 MB
BatchMode: 1, IsHumanControllingUs: 0, StartBugReporterOnCrash: 0, Is64bit: 1, IsPro: 1

COMMAND LINE ARGUMENTS:
C:\Program Files\Unity\Hub\Editor\2021.3.18f1\Editor\Unity.exe
-adb2
-batchMode
-noUpm
-name
AssetImportWorker0
-projectPath
C:/Users/Александр/OneDrive/Документы/GitHub/Quadrocopter/Quadrocopter
-logFile
Logs/AssetImportWorker0.log
-srvPort
54641
Successfully changed project path to: C:/Users/Александр/OneDrive/Документы/GitHub/Quadrocopter/Quadrocopter
C:/Users/Александр/OneDrive/Документы/GitHub/Quadrocopter/Quadrocopter
[UnityMemory] Configuration Parameters - Can be set up in boot.config
    "memorysetup-bucket-allocator-granularity=16"
    "memorysetup-bucket-allocator-bucket-count=8"
    "memorysetup-bucket-allocator-block-size=33554432"
    "memorysetup-bucket-allocator-block-count=8"
    "memorysetup-main-allocator-block-size=16777216"
    "memorysetup-thread-allocator-block-size=16777216"
    "memorysetup-gfx-main-allocator-block-size=16777216"
    "memorysetup-gfx-thread-allocator-block-size=16777216"
    "memorysetup-cache-allocator-block-size=4194304"
    "memorysetup-typetree-allocator-block-size=2097152"
    "memorysetup-profiler-bucket-allocator-granularity=16"
    "memorysetup-profiler-bucket-allocator-bucket-count=8"
    "memorysetup-profiler-bucket-allocator-block-size=33554432"
    "memorysetup-profiler-bucket-allocator-block-count=8"
    "memorysetup-profiler-allocator-block-size=16777216"
    "memorysetup-profiler-editor-allocator-block-size=1048576"
    "memorysetup-temp-allocator-size-main=16777216"
    "memorysetup-job-temp-allocator-block-size=2097152"
    "memorysetup-job-temp-allocator-block-size-background=1048576"
    "memorysetup-job-temp-allocator-reduction-small-platforms=262144"
    "memorysetup-temp-allocator-size-background-worker=32768"
    "memorysetup-temp-allocator-size-job-worker=262144"
    "memorysetup-temp-allocator-size-preload-manager=33554432"
    "memorysetup-temp-allocator-size-nav-mesh-worker=65536"
    "memorysetup-temp-allocator-size-audio-worker=65536"
    "memorysetup-temp-allocator-size-cloud-worker=32768"
    "memorysetup-temp-allocator-size-gi-baking-worker=262144"
    "memorysetup-temp-allocator-size-gfx=262144"
Player connection [11060] Host "[IP] 10.141.3.143 [Port] 0 [Flags] 2 [Guid] 1204867386 [EditorId] 1204867386 [Version] 1048832 [Id] WindowsEditor(7,LAPTOP-8LOLL0BP) [Debug] 1 [PackageName] WindowsEditor [ProjectName] Editor" joined multi-casting on [225.0.0.222:54997]...

Player connection [11060] Host "[IP] 10.141.3.143 [Port] 0 [Flags] 2 [Guid] 1204867386 [EditorId] 1204867386 [Version] 1048832 [Id] WindowsEditor(7,LAPTOP-8LOLL0BP) [Debug] 1 [PackageName] WindowsEditor [ProjectName] Editor" joined alternative multi-casting on [225.0.0.222:34997]...

Refreshing native plugins compatible for Editor in 412.35 ms, found 3 plugins.
Preloading 0 native plugins for Editor in 0.00 ms.
Initialize engine version: 2021.3.18f1 (3129e69bc0c7)
[Subsystems] Discovering subsystems at path C:/Program Files/Unity/Hub/Editor/2021.3.18f1/Editor/Data/Resources/UnitySubsystems
[Subsystems] Discovering subsystems at path C:/Users/Александр/OneDrive/Документы/GitHub/Quadrocopter/Quadrocopter/Assets
GfxDevice: creating device client; threaded=0; jobified=0
Direct3D:
    Version:  Direct3D 11.0 [level 11.1]
    Renderer: NVIDIA GeForce RTX 3060 Laptop GPU (ID=0x2520)
    Vendor:   NVIDIA
    VRAM:     6009 MB
    Driver:   31.0.15.2698
Initialize mono
Mono path[0] = 'C:/Program Files/Unity/Hub/Editor/2021.3.18f1/Editor/Data/Managed'
Mono path[1] = 'C:/Program Files/Unity/Hub/Editor/2021.3.18f1/Editor/Data/MonoBleedingEdge/lib/mono/unityjit-win32'
Mono config path = 'C:/Program Files/Unity/Hub/Editor/2021.3.18f1/Editor/Data/MonoBleedingEdge/etc'
Using monoOptions --debugger-agent=transport=dt_socket,embedding=1,server=y,suspend=n,address=127.0.0.1:56388
Begin MonoManager ReloadAssembly
Registering precompiled unity dll's ...
Register platform support module: C:/Program Files/Unity/Hub/Editor/2021.3.18f1/Editor/Data/PlaybackEngines/WindowsStandaloneSupport/UnityEditor.WindowsStandalone.Extensions.dll
Registered in 0.033323 seconds.
Native extension for WindowsStandalone target not found
Refreshing native plugins compatible for Editor in 341.84 ms, found 3 plugins.
Preloading 0 native plugins for Editor in 0.00 ms.
Mono: successfully reloaded assembly
- Completed reload, in  2.929 seconds
Domain Reload Profiling:
	ReloadAssembly (2932ms)
		BeginReloadAssembly (313ms)
			ExecutionOrderSort (0ms)
			DisableScriptedObjects (0ms)
			BackupInstance (0ms)
			ReleaseScriptingObjects (0ms)
			CreateAndSetChildDomain (4ms)
		EndReloadAssembly (2053ms)
			LoadAssemblies (298ms)
			RebuildTransferFunctionScriptingTraits (0ms)
			SetupTypeCache (507ms)
			ReleaseScriptCaches (0ms)
			RebuildScriptCaches (141ms)
			SetupLoadedEditorAssemblies (1157ms)
				LogAssemblyErrors (0ms)
				InitializePlatformSupportModulesInManaged (37ms)
				SetLoadedEditorAssemblies (1ms)
				RefreshPlugins (342ms)
				BeforeProcessingInitializeOnLoad (5ms)
				ProcessInitializeOnLoadAttributes (563ms)
				ProcessInitializeOnLoadMethodAttributes (208ms)
				AfterProcessingInitializeOnLoad (0ms)
				EditorAssembliesLoaded (1ms)
			ExecutionOrderSort2 (0ms)
			AwakeInstancesAfterBackupRestoration (0ms)
Platform modules already initialized, skipping
Registering precompiled user dll's ...
Registered in 0.029398 seconds.
Begin MonoManager ReloadAssembly
Symbol file LoadedFromMemory doesn't match image C:\Users\Александр\OneDrive\Документы\GitHub\Quadrocopter\Quadrocopter\Library\PackageCache\com.unity.visualscripting@1.8.0\Editor\VisualScripting.Core\Dependencies\YamlDotNet\Unity.VisualScripting.YamlDotNet.dll
Symbol file LoadedFromMemory doesn't match image C:\Users\Александр\OneDrive\Документы\GitHub\Quadrocopter\Quadrocopter\Library\PackageCache\com.unity.visualscripting@1.8.0\Editor\VisualScripting.Core\Dependencies\DotNetZip\Unity.VisualScripting.IonicZip.dll
Native extension for WindowsStandalone target not found
Refreshing native plugins compatible for Editor in 1.50 ms, found 3 plugins.
Preloading 0 native plugins for Editor in 0.00 ms.
Mono: successfully reloaded assembly
- Completed reload, in  4.775 seconds
Domain Reload Profiling:
	ReloadAssembly (4779ms)
		BeginReloadAssembly (454ms)
			ExecutionOrderSort (0ms)
			DisableScriptedObjects (32ms)
			BackupInstance (0ms)
			ReleaseScriptingObjects (0ms)
			CreateAndSetChildDomain (67ms)
		EndReloadAssembly (3743ms)
			LoadAssemblies (322ms)
			RebuildTransferFunctionScriptingTraits (0ms)
			SetupTypeCache (1292ms)
			ReleaseScriptCaches (2ms)
			RebuildScriptCaches (231ms)
			SetupLoadedEditorAssemblies (1674ms)
				LogAssemblyErrors (0ms)
				InitializePlatformSupportModulesInManaged (22ms)
				SetLoadedEditorAssemblies (2ms)
				RefreshPlugins (2ms)
				BeforeProcessingInitializeOnLoad (471ms)
				ProcessInitializeOnLoadAttributes (1038ms)
				ProcessInitializeOnLoadMethodAttributes (97ms)
				AfterProcessingInitializeOnLoad (41ms)
				EditorAssembliesLoaded (1ms)
			ExecutionOrderSort2 (0ms)
			AwakeInstancesAfterBackupRestoration (30ms)
Platform modules already initialized, skipping
========================================================================
Worker process is ready to serve import requests
Launched and connected shader compiler UnityShaderCompiler.exe after 0.18 seconds
Refreshing native plugins compatible for Editor in 1.65 ms, found 3 plugins.
Preloading 0 native plugins for Editor in 0.00 ms.
Unloading 3076 Unused Serialized files (Serialized files now loaded: 0)
Unloading 24 unused Assets / (113.8 KB). Loaded Objects now: 3551.
Memory consumption went from 123.4 MB to 123.3 MB.
Total: 9.062900 ms (FindLiveObjects: 0.641700 ms CreateObjectMapping: 0.401000 ms MarkObjects: 7.600100 ms  DeleteObjects: 0.416300 ms)

AssetImportParameters requested are different than current active one (requested -> active):
  custom:video-decoder-ogg-theora: a1e56fd34408186e4bbccfd4996cb3dc -> 
  custom:container-muxer-webm: aa71ff27fc2769a1b78a27578f13a17b -> 
  custom:container-demuxer-webm: 4f35f7cbe854078d1ac9338744f61a02 -> 
  custom:video-encoder-webm-vp8: eb34c28f22e8b96e1ab97ce403110664 -> 
  custom:video-codec-MediaFoundation-h265: 746d11721c4dcdbdad8f713fa42b33f4 -> 
  custom:audio-encoder-webm-vorbis: bf7c407c2cedff20999df2af8eb42d56 -> 
  custom:framework-win-MediaFoundation: 216162199b28c13a410421893ffa2e32 -> 
  custom:container-demuxer-ogg: 62fdf1f143b41e24485cea50d1cbac27 -> 
  custom:video-decoder-webm-vp8: 9c59270c3fd7afecdb556c50c9e8de78 -> 
  custom:audio-decoder-ogg-vorbis: bf7c407c2cedff20999df2af8eb42d56 -> 
========================================================================
Received Import Request.
  Time since last request: 77160.665590 seconds.
  path: Assets/Scenes/informatiom.unity
  artifactKey: Guid(338c41cc545ae6f468997f3d34644978) Importer(815301076,1909f56bfc062723c751e8b465ee728b)
Start importing Assets/Scenes/informatiom.unity using Guid(338c41cc545ae6f468997f3d34644978) Importer(815301076,1909f56bfc062723c751e8b465ee728b)  -> (artifact id: 'de5805f0f20c7dfa81bd5e494b94b6f7') in 0.024183 seconds 
========================================================================
Received Import Request.
  Time since last request: 37.356347 seconds.
  path: Assets/Scenes/SampleScene.unity
  artifactKey: Guid(9fc0d4010bbf28b4594072e72b8655ab) Importer(815301076,1909f56bfc062723c751e8b465ee728b)
Start importing Assets/Scenes/SampleScene.unity using Guid(9fc0d4010bbf28b4594072e72b8655ab) Importer(815301076,1909f56bfc062723c751e8b465ee728b)  -> (artifact id: 'ab01f7b9c839c866074754107fe1ac83') in 0.007186 seconds 
========================================================================
Received Import Request.
  Time since last request: 22.959294 seconds.
  path: Assets/Scenes/informatiom.unity
  artifactKey: Guid(338c41cc545ae6f468997f3d34644978) Importer(815301076,1909f56bfc062723c751e8b465ee728b)
Start importing Assets/Scenes/informatiom.unity using Guid(338c41cc545ae6f468997f3d34644978) Importer(815301076,1909f56bfc062723c751e8b465ee728b)  -> (artifact id: '62238766a792e5b9924f5ef6b2bb669b') in 0.005586 seconds 
========================================================================
Received Import Request.
  Time since last request: 1125.076223 seconds.
  path: Assets/Scripts/Magnit.cs
  artifactKey: Guid(9bd5dba50c48e6e49a6aa1c637f67d5d) Importer(815301076,1909f56bfc062723c751e8b465ee728b)
Start importing Assets/Scripts/Magnit.cs using Guid(9bd5dba50c48e6e49a6aa1c637f67d5d) Importer(815301076,1909f56bfc062723c751e8b465ee728b)  -> (artifact id: '6191d9c8027e39296c6ef3e2d5b8b688') in 0.073534 seconds 
========================================================================
Received Prepare
Registering precompiled user dll's ...
Registered in 0.018081 seconds.
Begin MonoManager ReloadAssembly
Symbol file LoadedFromMemory doesn't match image C:\Users\Александр\OneDrive\Документы\GitHub\Quadrocopter\Quadrocopter\Library\PackageCache\com.unity.visualscripting@1.8.0\Editor\VisualScripting.Core\Dependencies\YamlDotNet\Unity.VisualScripting.YamlDotNet.dll
Symbol file LoadedFromMemory doesn't match image C:\Users\Александр\OneDrive\Документы\GitHub\Quadrocopter\Quadrocopter\Library\PackageCache\com.unity.visualscripting@1.8.0\Editor\VisualScripting.Core\Dependencies\DotNetZip\Unity.VisualScripting.IonicZip.dll
Native extension for WindowsStandalone target not found
Refreshing native plugins compatible for Editor in 2.38 ms, found 3 plugins.
Preloading 0 native plugins for Editor in 0.00 ms.
Mono: successfully reloaded assembly
- Completed reload, in  4.554 seconds
Domain Reload Profiling:
	ReloadAssembly (4557ms)
		BeginReloadAssembly (614ms)
			ExecutionOrderSort (0ms)
			DisableScriptedObjects (19ms)
			BackupInstance (0ms)
			ReleaseScriptingObjects (0ms)
			CreateAndSetChildDomain (169ms)
		EndReloadAssembly (3475ms)
			LoadAssemblies (367ms)
			RebuildTransferFunctionScriptingTraits (0ms)
			SetupTypeCache (1280ms)
			ReleaseScriptCaches (5ms)
			RebuildScriptCaches (164ms)
			SetupLoadedEditorAssemblies (1485ms)
				LogAssemblyErrors (0ms)
				InitializePlatformSupportModulesInManaged (64ms)
				SetLoadedEditorAssemblies (3ms)
				RefreshPlugins (3ms)
				BeforeProcessingInitializeOnLoad (340ms)
				ProcessInitializeOnLoadAttributes (935ms)
				ProcessInitializeOnLoadMethodAttributes (94ms)
				AfterProcessingInitializeOnLoad (45ms)
				EditorAssembliesLoaded (1ms)
			ExecutionOrderSort2 (0ms)
			AwakeInstancesAfterBackupRestoration (39ms)
Platform modules already initialized, skipping
Refreshing native plugins compatible for Editor in 4.06 ms, found 3 plugins.
Preloading 0 native plugins for Editor in 0.00 ms.
Unloading 3058 Unused Serialized files (Serialized files now loaded: 0)
Unloading 17 unused Assets / (80.3 KB). Loaded Objects now: 3554.
Memory consumption went from 121.9 MB to 121.9 MB.
Total: 6.351700 ms (FindLiveObjects: 0.415600 ms CreateObjectMapping: 0.265700 ms MarkObjects: 5.517400 ms  DeleteObjects: 0.150600 ms)

AssetImportParameters requested are different than current active one (requested -> active):
  custom:video-decoder-ogg-theora: a1e56fd34408186e4bbccfd4996cb3dc -> 
  custom:container-muxer-webm: aa71ff27fc2769a1b78a27578f13a17b -> 
  custom:container-demuxer-webm: 4f35f7cbe854078d1ac9338744f61a02 -> 
  custom:video-encoder-webm-vp8: eb34c28f22e8b96e1ab97ce403110664 -> 
  custom:video-codec-MediaFoundation-h265: 746d11721c4dcdbdad8f713fa42b33f4 -> 
  custom:audio-encoder-webm-vorbis: bf7c407c2cedff20999df2af8eb42d56 -> 
  custom:framework-win-MediaFoundation: 216162199b28c13a410421893ffa2e32 -> 
  custom:container-demuxer-ogg: 62fdf1f143b41e24485cea50d1cbac27 -> 
  custom:video-decoder-webm-vp8: 9c59270c3fd7afecdb556c50c9e8de78 -> 
  custom:audio-decoder-ogg-vorbis: bf7c407c2cedff20999df2af8eb42d56 -> 
========================================================================
Received Prepare
Registering precompiled user dll's ...
Registered in 0.025789 seconds.
Begin MonoManager ReloadAssembly
Symbol file LoadedFromMemory doesn't match image C:\Users\Александр\OneDrive\Документы\GitHub\Quadrocopter\Quadrocopter\Library\PackageCache\com.unity.visualscripting@1.8.0\Editor\VisualScripting.Core\Dependencies\YamlDotNet\Unity.VisualScripting.YamlDotNet.dll
Symbol file LoadedFromMemory doesn't match image C:\Users\Александр\OneDrive\Документы\GitHub\Quadrocopter\Quadrocopter\Library\PackageCache\com.unity.visualscripting@1.8.0\Editor\VisualScripting.Core\Dependencies\DotNetZip\Unity.VisualScripting.IonicZip.dll
Native extension for WindowsStandalone target not found
Refreshing native plugins compatible for Editor in 2.13 ms, found 3 plugins.
Preloading 0 native plugins for Editor in 0.00 ms.
Mono: successfully reloaded assembly
- Completed reload, in  4.082 seconds
Domain Reload Profiling:
	ReloadAssembly (4085ms)
		BeginReloadAssembly (462ms)
			ExecutionOrderSort (0ms)
			DisableScriptedObjects (25ms)
			BackupInstance (0ms)
			ReleaseScriptingObjects (0ms)
			CreateAndSetChildDomain (89ms)
		EndReloadAssembly (3145ms)
			LoadAssemblies (313ms)
			RebuildTransferFunctionScriptingTraits (0ms)
			SetupTypeCache (1170ms)
			ReleaseScriptCaches (5ms)
			RebuildScriptCaches (170ms)
			SetupLoadedEditorAssemblies (1297ms)
				LogAssemblyErrors (0ms)
				InitializePlatformSupportModulesInManaged (56ms)
				SetLoadedEditorAssemblies (2ms)
				RefreshPlugins (2ms)
				BeforeProcessingInitializeOnLoad (291ms)
				ProcessInitializeOnLoadAttributes (831ms)
				ProcessInitializeOnLoadMethodAttributes (74ms)
				AfterProcessingInitializeOnLoad (39ms)
				EditorAssembliesLoaded (1ms)
			ExecutionOrderSort2 (0ms)
			AwakeInstancesAfterBackupRestoration (33ms)
Platform modules already initialized, skipping
Refreshing native plugins compatible for Editor in 9.87 ms, found 3 plugins.
Preloading 0 native plugins for Editor in 0.00 ms.
Unloading 3058 Unused Serialized files (Serialized files now loaded: 0)
Unloading 17 unused Assets / (80.5 KB). Loaded Objects now: 3557.
Memory consumption went from 122.0 MB to 121.9 MB.
Total: 10.673500 ms (FindLiveObjects: 0.899900 ms CreateObjectMapping: 0.722300 ms MarkObjects: 8.749000 ms  DeleteObjects: 0.299900 ms)

AssetImportParameters requested are different than current active one (requested -> active):
  custom:video-decoder-ogg-theora: a1e56fd34408186e4bbccfd4996cb3dc -> 
  custom:container-muxer-webm: aa71ff27fc2769a1b78a27578f13a17b -> 
  custom:container-demuxer-webm: 4f35f7cbe854078d1ac9338744f61a02 -> 
  custom:video-encoder-webm-vp8: eb34c28f22e8b96e1ab97ce403110664 -> 
  custom:video-codec-MediaFoundation-h265: 746d11721c4dcdbdad8f713fa42b33f4 -> 
  custom:audio-encoder-webm-vorbis: bf7c407c2cedff20999df2af8eb42d56 -> 
  custom:framework-win-MediaFoundation: 216162199b28c13a410421893ffa2e32 -> 
  custom:container-demuxer-ogg: 62fdf1f143b41e24485cea50d1cbac27 -> 
  custom:video-decoder-webm-vp8: 9c59270c3fd7afecdb556c50c9e8de78 -> 
  custom:audio-decoder-ogg-vorbis: bf7c407c2cedff20999df2af8eb42d56 -> 
========================================================================
Received Import Request.
  Time since last request: 45.273241 seconds.
  path: Assets/Prefab/Dron.prefab
  artifactKey: Guid(963188984799d6149a3a3a03db0fc91a) Importer(815301076,1909f56bfc062723c751e8b465ee728b)
Start importing Assets/Prefab/Dron.prefab using Guid(963188984799d6149a3a3a03db0fc91a) Importer(815301076,1909f56bfc062723c751e8b465ee728b)  -> (artifact id: '3e6a1821afa098c2b710b7073a6948de') in 0.505245 seconds 
========================================================================
Received Prepare
Registering precompiled user dll's ...
Registered in 0.020046 seconds.
Begin MonoManager ReloadAssembly
Symbol file LoadedFromMemory doesn't match image C:\Users\Александр\OneDrive\Документы\GitHub\Quadrocopter\Quadrocopter\Library\PackageCache\com.unity.visualscripting@1.8.0\Editor\VisualScripting.Core\Dependencies\YamlDotNet\Unity.VisualScripting.YamlDotNet.dll
Symbol file LoadedFromMemory doesn't match image C:\Users\Александр\OneDrive\Документы\GitHub\Quadrocopter\Quadrocopter\Library\PackageCache\com.unity.visualscripting@1.8.0\Editor\VisualScripting.Core\Dependencies\DotNetZip\Unity.VisualScripting.IonicZip.dll
Native extension for WindowsStandalone target not found
Refreshing native plugins compatible for Editor in 1.73 ms, found 3 plugins.
Preloading 0 native plugins for Editor in 0.00 ms.
Mono: successfully reloaded assembly
- Completed reload, in  4.047 seconds
Domain Reload Profiling:
	ReloadAssembly (4050ms)
		BeginReloadAssembly (544ms)
			ExecutionOrderSort (0ms)
			DisableScriptedObjects (26ms)
			BackupInstance (0ms)
			ReleaseScriptingObjects (0ms)
			CreateAndSetChildDomain (129ms)
		EndReloadAssembly (3091ms)
			LoadAssemblies (347ms)
			RebuildTransferFunctionScriptingTraits (0ms)
			SetupTypeCache (1112ms)
			ReleaseScriptCaches (5ms)
			RebuildScriptCaches (167ms)
			SetupLoadedEditorAssemblies (1305ms)
				LogAssemblyErrors (0ms)
				InitializePlatformSupportModulesInManaged (57ms)
				SetLoadedEditorAssemblies (3ms)
				RefreshPlugins (2ms)
				BeforeProcessingInitializeOnLoad (315ms)
				ProcessInitializeOnLoadAttributes (814ms)
				ProcessInitializeOnLoadMethodAttributes (72ms)
				AfterProcessingInitializeOnLoad (41ms)
				EditorAssembliesLoaded (1ms)
			ExecutionOrderSort2 (0ms)
			AwakeInstancesAfterBackupRestoration (28ms)
Platform modules already initialized, skipping
Refreshing native plugins compatible for Editor in 5.86 ms, found 3 plugins.
Preloading 0 native plugins for Editor in 0.00 ms.
Unloading 3058 Unused Serialized files (Serialized files now loaded: 0)
Unloading 17 unused Assets / (80.7 KB). Loaded Objects now: 3569.
Memory consumption went from 126.4 MB to 126.3 MB.
Total: 8.010500 ms (FindLiveObjects: 0.550300 ms CreateObjectMapping: 0.362000 ms MarkObjects: 6.531400 ms  DeleteObjects: 0.563800 ms)

AssetImportParameters requested are different than current active one (requested -> active):
  custom:video-decoder-ogg-theora: a1e56fd34408186e4bbccfd4996cb3dc -> 
  custom:container-muxer-webm: aa71ff27fc2769a1b78a27578f13a17b -> 
  custom:container-demuxer-webm: 4f35f7cbe854078d1ac9338744f61a02 -> 
  custom:video-encoder-webm-vp8: eb34c28f22e8b96e1ab97ce403110664 -> 
  custom:video-codec-MediaFoundation-h265: 746d11721c4dcdbdad8f713fa42b33f4 -> 
  custom:audio-encoder-webm-vorbis: bf7c407c2cedff20999df2af8eb42d56 -> 
  custom:framework-win-MediaFoundation: 216162199b28c13a410421893ffa2e32 -> 
  custom:container-demuxer-ogg: 62fdf1f143b41e24485cea50d1cbac27 -> 
  custom:video-decoder-webm-vp8: 9c59270c3fd7afecdb556c50c9e8de78 -> 
  custom:audio-decoder-ogg-vorbis: bf7c407c2cedff20999df2af8eb42d56 -> 
========================================================================
Received Prepare
Registering precompiled user dll's ...
Registered in 0.019168 seconds.
Begin MonoManager ReloadAssembly
Symbol file LoadedFromMemory doesn't match image C:\Users\Александр\OneDrive\Документы\GitHub\Quadrocopter\Quadrocopter\Library\PackageCache\com.unity.visualscripting@1.8.0\Editor\VisualScripting.Core\Dependencies\YamlDotNet\Unity.VisualScripting.YamlDotNet.dll
Symbol file LoadedFromMemory doesn't match image C:\Users\Александр\OneDrive\Документы\GitHub\Quadrocopter\Quadrocopter\Library\PackageCache\com.unity.visualscripting@1.8.0\Editor\VisualScripting.Core\Dependencies\DotNetZip\Unity.VisualScripting.IonicZip.dll
Native extension for WindowsStandalone target not found
Refreshing native plugins compatible for Editor in 2.16 ms, found 3 plugins.
Preloading 0 native plugins for Editor in 0.00 ms.
Mono: successfully reloaded assembly
- Completed reload, in  4.042 seconds
Domain Reload Profiling:
	ReloadAssembly (4045ms)
		BeginReloadAssembly (440ms)
			ExecutionOrderSort (0ms)
			DisableScriptedObjects (20ms)
			BackupInstance (0ms)
			ReleaseScriptingObjects (0ms)
			CreateAndSetChildDomain (99ms)
		EndReloadAssembly (3133ms)
			LoadAssemblies (285ms)
			RebuildTransferFunctionScriptingTraits (0ms)
			SetupTypeCache (1069ms)
			ReleaseScriptCaches (4ms)
			RebuildScriptCaches (182ms)
			SetupLoadedEditorAssemblies (1371ms)
				LogAssemblyErrors (0ms)
				InitializePlatformSupportModulesInManaged (61ms)
				SetLoadedEditorAssemblies (3ms)
				RefreshPlugins (2ms)
				BeforeProcessingInitializeOnLoad (322ms)
				ProcessInitializeOnLoadAttributes (859ms)
				ProcessInitializeOnLoadMethodAttributes (88ms)
				AfterProcessingInitializeOnLoad (35ms)
				EditorAssembliesLoaded (1ms)
			ExecutionOrderSort2 (0ms)
			AwakeInstancesAfterBackupRestoration (28ms)
Platform modules already initialized, skipping
Refreshing native plugins compatible for Editor in 6.35 ms, found 3 plugins.
Preloading 0 native plugins for Editor in 0.00 ms.
Unloading 3058 Unused Serialized files (Serialized files now loaded: 0)
Unloading 17 unused Assets / (80.7 KB). Loaded Objects now: 3572.
Memory consumption went from 126.4 MB to 126.3 MB.
Total: 9.231900 ms (FindLiveObjects: 0.689700 ms CreateObjectMapping: 0.313300 ms MarkObjects: 7.835900 ms  DeleteObjects: 0.389500 ms)

AssetImportParameters requested are different than current active one (requested -> active):
  custom:video-decoder-ogg-theora: a1e56fd34408186e4bbccfd4996cb3dc -> 
  custom:container-muxer-webm: aa71ff27fc2769a1b78a27578f13a17b -> 
  custom:container-demuxer-webm: 4f35f7cbe854078d1ac9338744f61a02 -> 
  custom:video-encoder-webm-vp8: eb34c28f22e8b96e1ab97ce403110664 -> 
  custom:video-codec-MediaFoundation-h265: 746d11721c4dcdbdad8f713fa42b33f4 -> 
  custom:audio-encoder-webm-vorbis: bf7c407c2cedff20999df2af8eb42d56 -> 
  custom:framework-win-MediaFoundation: 216162199b28c13a410421893ffa2e32 -> 
  custom:container-demuxer-ogg: 62fdf1f143b41e24485cea50d1cbac27 -> 
  custom:video-decoder-webm-vp8: 9c59270c3fd7afecdb556c50c9e8de78 -> 
  custom:audio-decoder-ogg-vorbis: bf7c407c2cedff20999df2af8eb42d56 -> 
========================================================================
Received Import Request.
  Time since last request: 992.941837 seconds.
  path: Assets/Scenes/informatiom.unity
  artifactKey: Guid(338c41cc545ae6f468997f3d34644978) Importer(815301076,1909f56bfc062723c751e8b465ee728b)
Start importing Assets/Scenes/informatiom.unity using Guid(338c41cc545ae6f468997f3d34644978) Importer(815301076,1909f56bfc062723c751e8b465ee728b)  -> (artifact id: '344cdb86801dd5e1f965f9db4fdf68cb') in 0.033279 seconds 
========================================================================
Received Import Request.
  Time since last request: 54.263445 seconds.
  path: Assets/Scenes/Безымянный.png
  artifactKey: Guid(36a83ca5636220f49b8d017cfc8509e8) Importer(815301076,1909f56bfc062723c751e8b465ee728b)
Start importing Assets/Scenes/Безымянный.png using Guid(36a83ca5636220f49b8d017cfc8509e8) Importer(815301076,1909f56bfc062723c751e8b465ee728b)  -> (artifact id: '6d50cd2801cb853062ab2418da461efa') in 0.174574 seconds 
========================================================================
Received Import Request.
  Time since last request: 12.922658 seconds.
  path: Assets/Scenes/Безымянный.png
  artifactKey: Guid(36a83ca5636220f49b8d017cfc8509e8) Importer(815301076,1909f56bfc062723c751e8b465ee728b)
Start importing Assets/Scenes/Безымянный.png using Guid(36a83ca5636220f49b8d017cfc8509e8) Importer(815301076,1909f56bfc062723c751e8b465ee728b)  -> (artifact id: '8d6cc3d11fb681239d768623a0edf05f') in 0.193537 seconds 
========================================================================
Received Import Request.
  Time since last request: 132.700486 seconds.
  path: Assets/Scripts/MenuInfo.cs
  artifactKey: Guid(97674c00bab24a740872e8c3a0cf75c1) Importer(815301076,1909f56bfc062723c751e8b465ee728b)
Start importing Assets/Scripts/MenuInfo.cs using Guid(97674c00bab24a740872e8c3a0cf75c1) Importer(815301076,1909f56bfc062723c751e8b465ee728b)  -> (artifact id: '937fab51b190e47eb25a5f85ec413d64') in 0.005714 seconds 
========================================================================
Received Prepare
Registering precompiled user dll's ...
Registered in 0.025856 seconds.
Begin MonoManager ReloadAssembly
Symbol file LoadedFromMemory doesn't match image C:\Users\Александр\OneDrive\Документы\GitHub\Quadrocopter\Quadrocopter\Library\PackageCache\com.unity.visualscripting@1.8.0\Editor\VisualScripting.Core\Dependencies\YamlDotNet\Unity.VisualScripting.YamlDotNet.dll
Symbol file LoadedFromMemory doesn't match image C:\Users\Александр\OneDrive\Документы\GitHub\Quadrocopter\Quadrocopter\Library\PackageCache\com.unity.visualscripting@1.8.0\Editor\VisualScripting.Core\Dependencies\DotNetZip\Unity.VisualScripting.IonicZip.dll
Native extension for WindowsStandalone target not found
Refreshing native plugins compatible for Editor in 2.44 ms, found 3 plugins.
Preloading 0 native plugins for Editor in 0.00 ms.
Mono: successfully reloaded assembly
- Completed reload, in  4.355 seconds
Domain Reload Profiling:
	ReloadAssembly (4358ms)
		BeginReloadAssembly (587ms)
			ExecutionOrderSort (0ms)
			DisableScriptedObjects (29ms)
			BackupInstance (0ms)
			ReleaseScriptingObjects (0ms)
			CreateAndSetChildDomain (143ms)
		EndReloadAssembly (3291ms)
			LoadAssemblies (360ms)
			RebuildTransferFunctionScriptingTraits (0ms)
			SetupTypeCache (1118ms)
			ReleaseScriptCaches (4ms)
			RebuildScriptCaches (184ms)
			SetupLoadedEditorAssemblies (1432ms)
				LogAssemblyErrors (0ms)
				InitializePlatformSupportModulesInManaged (66ms)
				SetLoadedEditorAssemblies (3ms)
				RefreshPlugins (3ms)
				BeforeProcessingInitializeOnLoad (335ms)
				ProcessInitializeOnLoadAttributes (892ms)
				ProcessInitializeOnLoadMethodAttributes (84ms)
				AfterProcessingInitializeOnLoad (48ms)
				EditorAssembliesLoaded (1ms)
			ExecutionOrderSort2 (0ms)
			AwakeInstancesAfterBackupRestoration (38ms)
Platform modules already initialized, skipping
Refreshing native plugins compatible for Editor in 8.80 ms, found 3 plugins.
Preloading 0 native plugins for Editor in 0.00 ms.
Unloading 3059 Unused Serialized files (Serialized files now loaded: 0)
Unloading 17 unused Assets / (80.5 KB). Loaded Objects now: 3581.
Memory consumption went from 126.4 MB to 126.4 MB.
Total: 10.268600 ms (FindLiveObjects: 0.641300 ms CreateObjectMapping: 0.414600 ms MarkObjects: 8.915400 ms  DeleteObjects: 0.294100 ms)

AssetImportParameters requested are different than current active one (requested -> active):
  custom:video-decoder-ogg-theora: a1e56fd34408186e4bbccfd4996cb3dc -> 
  custom:container-muxer-webm: aa71ff27fc2769a1b78a27578f13a17b -> 
  custom:container-demuxer-webm: 4f35f7cbe854078d1ac9338744f61a02 -> 
  custom:video-encoder-webm-vp8: eb34c28f22e8b96e1ab97ce403110664 -> 
  custom:video-codec-MediaFoundation-h265: 746d11721c4dcdbdad8f713fa42b33f4 -> 
  custom:audio-encoder-webm-vorbis: bf7c407c2cedff20999df2af8eb42d56 -> 
  custom:framework-win-MediaFoundation: 216162199b28c13a410421893ffa2e32 -> 
  custom:container-demuxer-ogg: 62fdf1f143b41e24485cea50d1cbac27 -> 
  custom:video-decoder-webm-vp8: 9c59270c3fd7afecdb556c50c9e8de78 -> 
  custom:audio-decoder-ogg-vorbis: bf7c407c2cedff20999df2af8eb42d56 -> 
========================================================================
Received Import Request.
  Time since last request: 43.046175 seconds.
  path: Assets/Prefab/Dron.prefab
  artifactKey: Guid(963188984799d6149a3a3a03db0fc91a) Importer(815301076,1909f56bfc062723c751e8b465ee728b)
Start importing Assets/Prefab/Dron.prefab using Guid(963188984799d6149a3a3a03db0fc91a) Importer(815301076,1909f56bfc062723c751e8b465ee728b)  -> (artifact id: '52f08f45aac06303c63ec48fded3ebdf') in 0.343757 seconds 
========================================================================
Received Prepare
Registering precompiled user dll's ...
Registered in 0.025616 seconds.
Begin MonoManager ReloadAssembly
Symbol file LoadedFromMemory doesn't match image C:\Users\Александр\OneDrive\Документы\GitHub\Quadrocopter\Quadrocopter\Library\PackageCache\com.unity.visualscripting@1.8.0\Editor\VisualScripting.Core\Dependencies\YamlDotNet\Unity.VisualScripting.YamlDotNet.dll
Symbol file LoadedFromMemory doesn't match image C:\Users\Александр\OneDrive\Документы\GitHub\Quadrocopter\Quadrocopter\Library\PackageCache\com.unity.visualscripting@1.8.0\Editor\VisualScripting.Core\Dependencies\DotNetZip\Unity.VisualScripting.IonicZip.dll
Native extension for WindowsStandalone target not found
Refreshing native plugins compatible for Editor in 2.11 ms, found 3 plugins.
Preloading 0 native plugins for Editor in 0.00 ms.
Mono: successfully reloaded assembly
- Completed reload, in  4.676 seconds
Domain Reload Profiling:
	ReloadAssembly (4680ms)
		BeginReloadAssembly (687ms)
			ExecutionOrderSort (0ms)
			DisableScriptedObjects (19ms)
			BackupInstance (0ms)
			ReleaseScriptingObjects (0ms)
			CreateAndSetChildDomain (115ms)
		EndReloadAssembly (3472ms)
			LoadAssemblies (536ms)
			RebuildTransferFunctionScriptingTraits (0ms)
			SetupTypeCache (1206ms)
			ReleaseScriptCaches (3ms)
			RebuildScriptCaches (203ms)
			SetupLoadedEditorAssemblies (1549ms)
				LogAssemblyErrors (0ms)
				InitializePlatformSupportModulesInManaged (61ms)
				SetLoadedEditorAssemblies (2ms)
				RefreshPlugins (2ms)
				BeforeProcessingInitializeOnLoad (321ms)
				ProcessInitializeOnLoadAttributes (1047ms)
				ProcessInitializeOnLoadMethodAttributes (84ms)
				AfterProcessingInitializeOnLoad (31ms)
				EditorAssembliesLoaded (0ms)
			ExecutionOrderSort2 (0ms)
			AwakeInstancesAfterBackupRestoration (23ms)
Platform modules already initialized, skipping
Refreshing native plugins compatible for Editor in 4.50 ms, found 3 plugins.
Preloading 0 native plugins for Editor in 0.00 ms.
Unloading 3059 Unused Serialized files (Serialized files now loaded: 0)
Unloading 17 unused Assets / (80.6 KB). Loaded Objects now: 3584.
Memory consumption went from 126.5 MB to 126.4 MB.
Total: 7.799100 ms (FindLiveObjects: 0.681400 ms CreateObjectMapping: 0.400100 ms MarkObjects: 6.377900 ms  DeleteObjects: 0.335600 ms)

AssetImportParameters requested are different than current active one (requested -> active):
  custom:video-decoder-ogg-theora: a1e56fd34408186e4bbccfd4996cb3dc -> 
  custom:container-muxer-webm: aa71ff27fc2769a1b78a27578f13a17b -> 
  custom:container-demuxer-webm: 4f35f7cbe854078d1ac9338744f61a02 -> 
  custom:video-encoder-webm-vp8: eb34c28f22e8b96e1ab97ce403110664 -> 
  custom:video-codec-MediaFoundation-h265: 746d11721c4dcdbdad8f713fa42b33f4 -> 
  custom:audio-encoder-webm-vorbis: bf7c407c2cedff20999df2af8eb42d56 -> 
  custom:framework-win-MediaFoundation: 216162199b28c13a410421893ffa2e32 -> 
  custom:container-demuxer-ogg: 62fdf1f143b41e24485cea50d1cbac27 -> 
  custom:video-decoder-webm-vp8: 9c59270c3fd7afecdb556c50c9e8de78 -> 
  custom:audio-decoder-ogg-vorbis: bf7c407c2cedff20999df2af8eb42d56 -> 
========================================================================
Received Prepare
Registering precompiled user dll's ...
Registered in 0.025372 seconds.
Begin MonoManager ReloadAssembly
Symbol file LoadedFromMemory doesn't match image C:\Users\Александр\OneDrive\Документы\GitHub\Quadrocopter\Quadrocopter\Library\PackageCache\com.unity.visualscripting@1.8.0\Editor\VisualScripting.Core\Dependencies\YamlDotNet\Unity.VisualScripting.YamlDotNet.dll
Symbol file LoadedFromMemory doesn't match image C:\Users\Александр\OneDrive\Документы\GitHub\Quadrocopter\Quadrocopter\Library\PackageCache\com.unity.visualscripting@1.8.0\Editor\VisualScripting.Core\Dependencies\DotNetZip\Unity.VisualScripting.IonicZip.dll
Native extension for WindowsStandalone target not found
Refreshing native plugins compatible for Editor in 1.72 ms, found 3 plugins.
Preloading 0 native plugins for Editor in 0.00 ms.
Mono: successfully reloaded assembly
- Completed reload, in  3.839 seconds
Domain Reload Profiling:
	ReloadAssembly (3842ms)
		BeginReloadAssembly (462ms)
			ExecutionOrderSort (0ms)
			DisableScriptedObjects (29ms)
			BackupInstance (0ms)
			ReleaseScriptingObjects (0ms)
			CreateAndSetChildDomain (106ms)
		EndReloadAssembly (2943ms)
			LoadAssemblies (304ms)
			RebuildTransferFunctionScriptingTraits (0ms)
			SetupTypeCache (1024ms)
			ReleaseScriptCaches (3ms)
			RebuildScriptCaches (151ms)
			SetupLoadedEditorAssemblies (1297ms)
				LogAssemblyErrors (0ms)
				InitializePlatformSupportModulesInManaged (49ms)
				SetLoadedEditorAssemblies (1ms)
				RefreshPlugins (2ms)
				BeforeProcessingInitializeOnLoad (254ms)
				ProcessInitializeOnLoadAttributes (871ms)
				ProcessInitializeOnLoadMethodAttributes (77ms)
				AfterProcessingInitializeOnLoad (42ms)
				EditorAssembliesLoaded (1ms)
			ExecutionOrderSort2 (0ms)
			AwakeInstancesAfterBackupRestoration (39ms)
Platform modules already initialized, skipping
Refreshing native plugins compatible for Editor in 5.77 ms, found 3 plugins.
Preloading 0 native plugins for Editor in 0.00 ms.
Unloading 3059 Unused Serialized files (Serialized files now loaded: 0)
Unloading 17 unused Assets / (80.6 KB). Loaded Objects now: 3587.
Memory consumption went from 126.5 MB to 126.4 MB.
Total: 10.323200 ms (FindLiveObjects: 0.602100 ms CreateObjectMapping: 0.438400 ms MarkObjects: 8.970400 ms  DeleteObjects: 0.308500 ms)

AssetImportParameters requested are different than current active one (requested -> active):
  custom:video-decoder-ogg-theora: a1e56fd34408186e4bbccfd4996cb3dc -> 
  custom:container-muxer-webm: aa71ff27fc2769a1b78a27578f13a17b -> 
  custom:container-demuxer-webm: 4f35f7cbe854078d1ac9338744f61a02 -> 
  custom:video-encoder-webm-vp8: eb34c28f22e8b96e1ab97ce403110664 -> 
  custom:video-codec-MediaFoundation-h265: 746d11721c4dcdbdad8f713fa42b33f4 -> 
  custom:audio-encoder-webm-vorbis: bf7c407c2cedff20999df2af8eb42d56 -> 
  custom:framework-win-MediaFoundation: 216162199b28c13a410421893ffa2e32 -> 
  custom:container-demuxer-ogg: 62fdf1f143b41e24485cea50d1cbac27 -> 
  custom:video-decoder-webm-vp8: 9c59270c3fd7afecdb556c50c9e8de78 -> 
  custom:audio-decoder-ogg-vorbis: bf7c407c2cedff20999df2af8eb42d56 -> 
========================================================================
Received Prepare
Registering precompiled user dll's ...
Registered in 0.026294 seconds.
Begin MonoManager ReloadAssembly
Symbol file LoadedFromMemory doesn't match image C:\Users\Александр\OneDrive\Документы\GitHub\Quadrocopter\Quadrocopter\Library\PackageCache\com.unity.visualscripting@1.8.0\Editor\VisualScripting.Core\Dependencies\YamlDotNet\Unity.VisualScripting.YamlDotNet.dll
Symbol file LoadedFromMemory doesn't match image C:\Users\Александр\OneDrive\Документы\GitHub\Quadrocopter\Quadrocopter\Library\PackageCache\com.unity.visualscripting@1.8.0\Editor\VisualScripting.Core\Dependencies\DotNetZip\Unity.VisualScripting.IonicZip.dll
Native extension for WindowsStandalone target not found
Refreshing native plugins compatible for Editor in 1.38 ms, found 3 plugins.
Preloading 0 native plugins for Editor in 0.00 ms.
Mono: successfully reloaded assembly
- Completed reload, in  3.950 seconds
Domain Reload Profiling:
	ReloadAssembly (3953ms)
		BeginReloadAssembly (502ms)
			ExecutionOrderSort (0ms)
			DisableScriptedObjects (27ms)
			BackupInstance (0ms)
			ReleaseScriptingObjects (0ms)
			CreateAndSetChildDomain (104ms)
		EndReloadAssembly (3033ms)
			LoadAssemblies (330ms)
			RebuildTransferFunctionScriptingTraits (0ms)
			SetupTypeCache (1121ms)
			ReleaseScriptCaches (3ms)
			RebuildScriptCaches (155ms)
			SetupLoadedEditorAssemblies (1268ms)
				LogAssemblyErrors (0ms)
				InitializePlatformSupportModulesInManaged (57ms)
				SetLoadedEditorAssemblies (2ms)
				RefreshPlugins (2ms)
				BeforeProcessingInitializeOnLoad (268ms)
				ProcessInitializeOnLoadAttributes (804ms)
				ProcessInitializeOnLoadMethodAttributes (90ms)
				AfterProcessingInitializeOnLoad (45ms)
				EditorAssembliesLoaded (1ms)
			ExecutionOrderSort2 (0ms)
			AwakeInstancesAfterBackupRestoration (40ms)
Platform modules already initialized, skipping
Refreshing native plugins compatible for Editor in 6.26 ms, found 3 plugins.
Preloading 0 native plugins for Editor in 0.00 ms.
Unloading 3059 Unused Serialized files (Serialized files now loaded: 0)
Unloading 17 unused Assets / (80.7 KB). Loaded Objects now: 3590.
Memory consumption went from 126.5 MB to 126.4 MB.
Total: 10.540100 ms (FindLiveObjects: 0.479100 ms CreateObjectMapping: 0.211100 ms MarkObjects: 9.551200 ms  DeleteObjects: 0.295000 ms)

AssetImportParameters requested are different than current active one (requested -> active):
  custom:video-decoder-ogg-theora: a1e56fd34408186e4bbccfd4996cb3dc -> 
  custom:container-muxer-webm: aa71ff27fc2769a1b78a27578f13a17b -> 
  custom:container-demuxer-webm: 4f35f7cbe854078d1ac9338744f61a02 -> 
  custom:video-encoder-webm-vp8: eb34c28f22e8b96e1ab97ce403110664 -> 
  custom:video-codec-MediaFoundation-h265: 746d11721c4dcdbdad8f713fa42b33f4 -> 
  custom:audio-encoder-webm-vorbis: bf7c407c2cedff20999df2af8eb42d56 -> 
  custom:framework-win-MediaFoundation: 216162199b28c13a410421893ffa2e32 -> 
  custom:container-demuxer-ogg: 62fdf1f143b41e24485cea50d1cbac27 -> 
  custom:video-decoder-webm-vp8: 9c59270c3fd7afecdb556c50c9e8de78 -> 
  custom:audio-decoder-ogg-vorbis: bf7c407c2cedff20999df2af8eb42d56 -> 
========================================================================
Received Import Request.
  Time since last request: 274.798787 seconds.
  path: Assets/Scenes/Menu.unity
  artifactKey: Guid(6507e561520a585448bc685137b1ced5) Importer(815301076,1909f56bfc062723c751e8b465ee728b)
Start importing Assets/Scenes/Menu.unity using Guid(6507e561520a585448bc685137b1ced5) Importer(815301076,1909f56bfc062723c751e8b465ee728b)  -> (artifact id: '19c999d32b6e3d6a9985d383e1dc2bcc') in 0.023662 seconds 
========================================================================
Received Import Request.
  Time since last request: 1.336164 seconds.
  path: Assets/Scenes/informatiom.unity
  artifactKey: Guid(338c41cc545ae6f468997f3d34644978) Importer(815301076,1909f56bfc062723c751e8b465ee728b)
Start importing Assets/Scenes/informatiom.unity using Guid(338c41cc545ae6f468997f3d34644978) Importer(815301076,1909f56bfc062723c751e8b465ee728b)  -> (artifact id: 'b19d5b01ba869b0f9c4e44567696d59e') in 0.009197 seconds 
========================================================================
Received Import Request.
  Time since last request: 39.429476 seconds.
  path: Assets/Scenes/Menu.unity
  artifactKey: Guid(6507e561520a585448bc685137b1ced5) Importer(815301076,1909f56bfc062723c751e8b465ee728b)
Start importing Assets/Scenes/Menu.unity using Guid(6507e561520a585448bc685137b1ced5) Importer(815301076,1909f56bfc062723c751e8b465ee728b)  -> (artifact id: '8b4ed64c376da6215e38924945d26a60') in 0.006113 seconds 
========================================================================
Received Prepare
Registering precompiled user dll's ...
Registered in 0.014153 seconds.
Begin MonoManager ReloadAssembly
Symbol file LoadedFromMemory doesn't match image C:\Users\Александр\OneDrive\Документы\GitHub\Quadrocopter\Quadrocopter\Library\PackageCache\com.unity.visualscripting@1.8.0\Editor\VisualScripting.Core\Dependencies\YamlDotNet\Unity.VisualScripting.YamlDotNet.dll
Symbol file LoadedFromMemory doesn't match image C:\Users\Александр\OneDrive\Документы\GitHub\Quadrocopter\Quadrocopter\Library\PackageCache\com.unity.visualscripting@1.8.0\Editor\VisualScripting.Core\Dependencies\DotNetZip\Unity.VisualScripting.IonicZip.dll
Native extension for WindowsStandalone target not found
Refreshing native plugins compatible for Editor in 1.75 ms, found 3 plugins.
Preloading 0 native plugins for Editor in 0.00 ms.
Mono: successfully reloaded assembly
- Completed reload, in  3.926 seconds
Domain Reload Profiling:
	ReloadAssembly (3929ms)
		BeginReloadAssembly (494ms)
			ExecutionOrderSort (0ms)
			DisableScriptedObjects (25ms)
			BackupInstance (0ms)
			ReleaseScriptingObjects (0ms)
			CreateAndSetChildDomain (110ms)
		EndReloadAssembly (3011ms)
			LoadAssemblies (338ms)
			RebuildTransferFunctionScriptingTraits (0ms)
			SetupTypeCache (1072ms)
			ReleaseScriptCaches (7ms)
			RebuildScriptCaches (183ms)
			SetupLoadedEditorAssemblies (1256ms)
				LogAssemblyErrors (0ms)
				InitializePlatformSupportModulesInManaged (42ms)
				SetLoadedEditorAssemblies (1ms)
				RefreshPlugins (2ms)
				BeforeProcessingInitializeOnLoad (250ms)
				ProcessInitializeOnLoadAttributes (824ms)
				ProcessInitializeOnLoadMethodAttributes (86ms)
				AfterProcessingInitializeOnLoad (49ms)
				EditorAssembliesLoaded (1ms)
			ExecutionOrderSort2 (0ms)
			AwakeInstancesAfterBackupRestoration (31ms)
Platform modules already initialized, skipping
Refreshing native plugins compatible for Editor in 6.50 ms, found 3 plugins.
Preloading 0 native plugins for Editor in 0.00 ms.
Unloading 3059 Unused Serialized files (Serialized files now loaded: 0)
Unloading 17 unused Assets / (80.6 KB). Loaded Objects now: 3593.
Memory consumption went from 126.5 MB to 126.4 MB.
Total: 7.208900 ms (FindLiveObjects: 0.592600 ms CreateObjectMapping: 0.279200 ms MarkObjects: 6.166200 ms  DeleteObjects: 0.168500 ms)

AssetImportParameters requested are different than current active one (requested -> active):
  custom:video-decoder-ogg-theora: a1e56fd34408186e4bbccfd4996cb3dc -> 
  custom:container-muxer-webm: aa71ff27fc2769a1b78a27578f13a17b -> 
  custom:container-demuxer-webm: 4f35f7cbe854078d1ac9338744f61a02 -> 
  custom:video-encoder-webm-vp8: eb34c28f22e8b96e1ab97ce403110664 -> 
  custom:video-codec-MediaFoundation-h265: 746d11721c4dcdbdad8f713fa42b33f4 -> 
  custom:audio-encoder-webm-vorbis: bf7c407c2cedff20999df2af8eb42d56 -> 
  custom:framework-win-MediaFoundation: 216162199b28c13a410421893ffa2e32 -> 
  custom:container-demuxer-ogg: 62fdf1f143b41e24485cea50d1cbac27 -> 
  custom:video-decoder-webm-vp8: 9c59270c3fd7afecdb556c50c9e8de78 -> 
  custom:audio-decoder-ogg-vorbis: bf7c407c2cedff20999df2af8eb42d56 -> 
========================================================================
Received Import Request.
  Time since last request: 18.483491 seconds.
  path: Assets/Scenes/SampleScene.unity
  artifactKey: Guid(9fc0d4010bbf28b4594072e72b8655ab) Importer(815301076,1909f56bfc062723c751e8b465ee728b)
Start importing Assets/Scenes/SampleScene.unity using Guid(9fc0d4010bbf28b4594072e72b8655ab) Importer(815301076,1909f56bfc062723c751e8b465ee728b)  -> (artifact id: '1538020c6ed6c0ef95bf18c34a94c212') in 0.021520 seconds 
========================================================================
Received Import Request.
  Time since last request: 28.824944 seconds.
  path: Assets/Parkgarage/Prefabs/signs/materials/direction_left.mat
  artifactKey: Guid(b7fbdcc30729c264085723032edc1aa1) Importer(815301076,1909f56bfc062723c751e8b465ee728b)
Start importing Assets/Parkgarage/Prefabs/signs/materials/direction_left.mat using Guid(b7fbdcc30729c264085723032edc1aa1) Importer(815301076,1909f56bfc062723c751e8b465ee728b)  -> (artifact id: 'a2d350d07c4c24f5feaaf56e8a07d677') in 0.358123 seconds 
========================================================================
Received Import Request.
  Time since last request: 0.000058 seconds.
  path: Assets/Parkgarage/Prefabs/doors/Materials/Door.mat
  artifactKey: Guid(65bda8d3ca1b03a4b8538b68ae72da7a) Importer(815301076,1909f56bfc062723c751e8b465ee728b)
Start importing Assets/Parkgarage/Prefabs/doors/Materials/Door.mat using Guid(65bda8d3ca1b03a4b8538b68ae72da7a) Importer(815301076,1909f56bfc062723c751e8b465ee728b)  -> (artifact id: '0c0399e62dcad1e97115aadcd891393e') in 0.030162 seconds 
========================================================================
Received Import Request.
  Time since last request: 0.000081 seconds.
  path: Assets/Simple city plain/Mesh/Materials/Door_01.mat
  artifactKey: Guid(3a2b74dfc4dea9d4f806d3583aa0fd14) Importer(815301076,1909f56bfc062723c751e8b465ee728b)
Start importing Assets/Simple city plain/Mesh/Materials/Door_01.mat using Guid(3a2b74dfc4dea9d4f806d3583aa0fd14) Importer(815301076,1909f56bfc062723c751e8b465ee728b)  -> (artifact id: 'a4f56e2fe9c1625be9f2869c1ea82c45') in 0.027699 seconds 
========================================================================
Received Import Request.
  Time since last request: 0.000036 seconds.
  path: Assets/Parkgarage/Prefabs/parkgarage/Materials/Door_frame.mat
  artifactKey: Guid(6375d2965c070af4b8f455ba68223f84) Importer(815301076,1909f56bfc062723c751e8b465ee728b)
Start importing Assets/Parkgarage/Prefabs/parkgarage/Materials/Door_frame.mat using Guid(6375d2965c070af4b8f455ba68223f84) Importer(815301076,1909f56bfc062723c751e8b465ee728b)  -> (artifact id: '8294a954df2df75e007ec81d712f8ba7') in 0.030646 seconds 
========================================================================
Received Import Request.
  Time since last request: 0.000056 seconds.
  path: Assets/Simple city plain/Mesh/Materials/Facade_02.mat
  artifactKey: Guid(eb5ba6e8a9b24d342a02ac3a57a3d237) Importer(815301076,1909f56bfc062723c751e8b465ee728b)
Start importing Assets/Simple city plain/Mesh/Materials/Facade_02.mat using Guid(eb5ba6e8a9b24d342a02ac3a57a3d237) Importer(815301076,1909f56bfc062723c751e8b465ee728b)  -> (artifact id: 'c49f3dd0fbf912a2f83f20fd092646de') in 0.022927 seconds 
========================================================================
Received Import Request.
  Time since last request: 0.000042 seconds.
  path: Assets/Parkgarage/Prefabs/parkgarage/Materials/Floor_up_wall.mat
  artifactKey: Guid(1cced0a0167e5fd46878078d941b725e) Importer(815301076,1909f56bfc062723c751e8b465ee728b)
Start importing Assets/Parkgarage/Prefabs/parkgarage/Materials/Floor_up_wall.mat using Guid(1cced0a0167e5fd46878078d941b725e) Importer(815301076,1909f56bfc062723c751e8b465ee728b)  -> (artifact id: '5549dc16afe63f36c44e5b58f9452c70') in 0.029951 seconds 
========================================================================
Received Import Request.
  Time since last request: 0.000039 seconds.
  path: Assets/Simple city plain/Mesh/Materials/Fire_escape_03.mat
  artifactKey: Guid(d2359696d41e20d40a17aa31c6ede827) Importer(815301076,1909f56bfc062723c751e8b465ee728b)
Start importing Assets/Simple city plain/Mesh/Materials/Fire_escape_03.mat using Guid(d2359696d41e20d40a17aa31c6ede827) Importer(815301076,1909f56bfc062723c751e8b465ee728b)  -> (artifact id: '32cf90f79874b88a2e354202910b3296') in 0.032375 seconds 
========================================================================
Received Import Request.
  Time since last request: 0.000047 seconds.
  path: Assets/Simple city plain/Mesh/Materials/Door.mat
  artifactKey: Guid(ea11e7b3ddc18524e914c3f8f7ffcca8) Importer(815301076,1909f56bfc062723c751e8b465ee728b)
Start importing Assets/Simple city plain/Mesh/Materials/Door.mat using Guid(ea11e7b3ddc18524e914c3f8f7ffcca8) Importer(815301076,1909f56bfc062723c751e8b465ee728b)  -> (artifact id: '014248ca22c09216ae3c35ec77cddc70') in 0.025417 seconds 
========================================================================
Received Import Request.
  Time since last request: 0.000079 seconds.
  path: Assets/Simple city plain/Mesh/Materials/Door_04.mat
  artifactKey: Guid(4e12fe93082202d4084bc506b530e1f6) Importer(815301076,1909f56bfc062723c751e8b465ee728b)
Start importing Assets/Simple city plain/Mesh/Materials/Door_04.mat using Guid(4e12fe93082202d4084bc506b530e1f6) Importer(815301076,1909f56bfc062723c751e8b465ee728b)  -> (artifact id: '88c22e2725fb01a39a61c0be218ef597') in 0.023978 seconds 
========================================================================
Received Import Request.
  Time since last request: 0.000050 seconds.
  path: Assets/Parkgarage/Prefabs/signs/materials/exitBox_line.mat
  artifactKey: Guid(2bcfa638b56f24c4b8aaf5a86ec7fafb) Importer(815301076,1909f56bfc062723c751e8b465ee728b)
Start importing Assets/Parkgarage/Prefabs/signs/materials/exitBox_line.mat using Guid(2bcfa638b56f24c4b8aaf5a86ec7fafb) Importer(815301076,1909f56bfc062723c751e8b465ee728b)  -> (artifact id: '38bbc0d43b14978e1c14e1032efaa474') in 0.023470 seconds 
========================================================================
Received Import Request.
  Time since last request: 0.000036 seconds.
  path: Assets/Simple city plain/Mesh/Materials/Facade_01.mat
  artifactKey: Guid(78d39ada1e68b94418c8a716161fb7f6) Importer(815301076,1909f56bfc062723c751e8b465ee728b)
Start importing Assets/Simple city plain/Mesh/Materials/Facade_01.mat using Guid(78d39ada1e68b94418c8a716161fb7f6) Importer(815301076,1909f56bfc062723c751e8b465ee728b)  -> (artifact id: '779dd730ccb74eae9afb05c52590ef9c') in 0.022630 seconds 
========================================================================
Received Import Request.
  Time since last request: 0.000118 seconds.
  path: Assets/Parkgarage/Prefabs/doors/mesh/Materials/Door_holder.001.mat
  artifactKey: Guid(2bcfc18a86591b34088737b6b6403028) Importer(815301076,1909f56bfc062723c751e8b465ee728b)
Start importing Assets/Parkgarage/Prefabs/doors/mesh/Materials/Door_holder.001.mat using Guid(2bcfc18a86591b34088737b6b6403028) Importer(815301076,1909f56bfc062723c751e8b465ee728b)  -> (artifact id: '48c87c64a5baaf82ed4a99cfd280ff47') in 0.027676 seconds 
========================================================================
Received Import Request.
  Time since last request: 0.000045 seconds.
  path: Assets/Simple city plain/Mesh/Materials/Facade.mat
  artifactKey: Guid(6f403940f10b8e745905f9efca1f7279) Importer(815301076,1909f56bfc062723c751e8b465ee728b)
Start importing Assets/Simple city plain/Mesh/Materials/Facade.mat using Guid(6f403940f10b8e745905f9efca1f7279) Importer(815301076,1909f56bfc062723c751e8b465ee728b)  -> (artifact id: '4eff0ddf31fd965608336a951ff1e868') in 0.039543 seconds 
========================================================================
Received Import Request.
  Time since last request: 0.000043 seconds.
  path: Assets/Simple city plain/Mesh/Materials/dirt.mat
  artifactKey: Guid(57ae5d9141077e34580775ff4522e91b) Importer(815301076,1909f56bfc062723c751e8b465ee728b)
Start importing Assets/Simple city plain/Mesh/Materials/dirt.mat using Guid(57ae5d9141077e34580775ff4522e91b) Importer(815301076,1909f56bfc062723c751e8b465ee728b)  -> (artifact id: '138f06a492f5b5088f4d4962f73477bf') in 0.026671 seconds 
========================================================================
Received Import Request.
  Time since last request: 0.000081 seconds.
  path: Assets/Simple city plain/Mesh/Materials/Door_03.mat
  artifactKey: Guid(d59ea5f97ada31d4cb8b7cb76b5cd7bf) Importer(815301076,1909f56bfc062723c751e8b465ee728b)
Start importing Assets/Simple city plain/Mesh/Materials/Door_03.mat using Guid(d59ea5f97ada31d4cb8b7cb76b5cd7bf) Importer(815301076,1909f56bfc062723c751e8b465ee728b)  -> (artifact id: 'c723c480f44b17ecaa6d58589745e705') in 0.028860 seconds 
========================================================================
Received Import Request.
  Time since last request: 0.000057 seconds.
  path: Assets/Simple city plain/Mesh/Materials/fire_escape_02.mat
  artifactKey: Guid(ffa9b2ba18be6b34896cd7c2f06dffdd) Importer(815301076,1909f56bfc062723c751e8b465ee728b)
Start importing Assets/Simple city plain/Mesh/Materials/fire_escape_02.mat using Guid(ffa9b2ba18be6b34896cd7c2f06dffdd) Importer(815301076,1909f56bfc062723c751e8b465ee728b)  -> (artifact id: '17b725be1dec25ae5e474dafae8e51a1') in 0.027293 seconds 
========================================================================
Received Import Request.
  Time since last request: 0.000044 seconds.
  path: Assets/Parkgarage/Prefabs/signs/mesh/Materials/exit.mat
  artifactKey: Guid(319c6ce7e98ccaa488da32bc99bc1897) Importer(815301076,1909f56bfc062723c751e8b465ee728b)
Start importing Assets/Parkgarage/Prefabs/signs/mesh/Materials/exit.mat using Guid(319c6ce7e98ccaa488da32bc99bc1897) Importer(815301076,1909f56bfc062723c751e8b465ee728b)  -> (artifact id: 'aab3a821d6fd1ff5c1b75bbaca299785') in 0.028508 seconds 
========================================================================
Received Import Request.
  Time since last request: 0.000049 seconds.
  path: Assets/Simple city plain/Mesh/Materials/fire_escape_01.mat
  artifactKey: Guid(12efb3a81358bac4ebc6b4b631dc1aa4) Importer(815301076,1909f56bfc062723c751e8b465ee728b)
Start importing Assets/Simple city plain/Mesh/Materials/fire_escape_01.mat using Guid(12efb3a81358bac4ebc6b4b631dc1aa4) Importer(815301076,1909f56bfc062723c751e8b465ee728b)  -> (artifact id: '51549f26dcb0eed84fb29813cbcb2b52') in 0.022387 seconds 
========================================================================
Received Import Request.
  Time since last request: 0.000049 seconds.
  path: Assets/Simple city plain/Mesh/Materials/Door_02.mat
  artifactKey: Guid(c8f0dcb2c6bacb24b9066ee23118c8d4) Importer(815301076,1909f56bfc062723c751e8b465ee728b)
Start importing Assets/Simple city plain/Mesh/Materials/Door_02.mat using Guid(c8f0dcb2c6bacb24b9066ee23118c8d4) Importer(815301076,1909f56bfc062723c751e8b465ee728b)  -> (artifact id: 'a7c8845fbea2d8269cf87ed5601e8d82') in 0.024478 seconds 
========================================================================
Received Import Request.
  Time since last request: 0.076266 seconds.
  path: Assets/Parkgarage/Prefabs/parkgarage/Materials/footbridge_roof.mat
  artifactKey: Guid(145f65129306b10488a871145324bcde) Importer(815301076,1909f56bfc062723c751e8b465ee728b)
Start importing Assets/Parkgarage/Prefabs/parkgarage/Materials/footbridge_roof.mat using Guid(145f65129306b10488a871145324bcde) Importer(815301076,1909f56bfc062723c751e8b465ee728b)  -> (artifact id: 'f655ddd9fd0466b0f63c820481527c25') in 0.023266 seconds 
========================================================================
Received Import Request.
  Time since last request: 0.000086 seconds.
  path: Assets/Simple city plain/Material & Texture/Colors_buildings/G3.mat
  artifactKey: Guid(ed6309fcf2465f8459ee0d575167c0ed) Importer(815301076,1909f56bfc062723c751e8b465ee728b)
Start importing Assets/Simple city plain/Material & Texture/Colors_buildings/G3.mat using Guid(ed6309fcf2465f8459ee0d575167c0ed) Importer(815301076,1909f56bfc062723c751e8b465ee728b)  -> (artifact id: '0c4412c623159f61d949671fbb8e6fa4') in 0.025129 seconds 
========================================================================
Received Import Request.
  Time since last request: 0.000051 seconds.
  path: Assets/Parkgarage/Prefabs/parkgarage/Materials/Grass.mat
  artifactKey: Guid(288f06a9058b78e42a80774629885219) Importer(815301076,1909f56bfc062723c751e8b465ee728b)
Start importing Assets/Parkgarage/Prefabs/parkgarage/Materials/Grass.mat using Guid(288f06a9058b78e42a80774629885219) Importer(815301076,1909f56bfc062723c751e8b465ee728b)  -> (artifact id: 'ac3c643d508a661347c37ed82304bf9c') in 0.022354 seconds 
========================================================================
Received Import Request.
  Time since last request: 0.000037 seconds.
  path: Assets/Parkgarage/Prefabs/widnows/Window_b01/mesh/Materials/Frame_B01.mat
  artifactKey: Guid(488ae51140e79b9408649a1ef8cfe4a9) Importer(815301076,1909f56bfc062723c751e8b465ee728b)
Start importing Assets/Parkgarage/Prefabs/widnows/Window_b01/mesh/Materials/Frame_B01.mat using Guid(488ae51140e79b9408649a1ef8cfe4a9) Importer(815301076,1909f56bfc062723c751e8b465ee728b)  -> (artifact id: 'c6ea154d5821669ef668d693de8dfebe') in 0.023290 seconds 
========================================================================
Received Import Request.
  Time since last request: 0.000063 seconds.
  path: Assets/Simple city plain/Material & Texture/Material mesh/grass.mat
  artifactKey: Guid(9904cd0f6245e884999431c0bdf22fef) Importer(815301076,1909f56bfc062723c751e8b465ee728b)
Start importing Assets/Simple city plain/Material & Texture/Material mesh/grass.mat using Guid(9904cd0f6245e884999431c0bdf22fef) Importer(815301076,1909f56bfc062723c751e8b465ee728b)  -> (artifact id: '0122b06089bade4d73f768906ab1fbd8') in 0.027551 seconds 
========================================================================
Received Import Request.
  Time since last request: 0.000085 seconds.
  path: Assets/Parkgarage/Prefabs/parkgarage/Materials/Grass_treeHolder.mat
  artifactKey: Guid(660f34b7ea9e91941acedcbc5416b046) Importer(815301076,1909f56bfc062723c751e8b465ee728b)
Start importing Assets/Parkgarage/Prefabs/parkgarage/Materials/Grass_treeHolder.mat using Guid(660f34b7ea9e91941acedcbc5416b046) Importer(815301076,1909f56bfc062723c751e8b465ee728b)  -> (artifact id: '7a00a82370bdcdee40253d9ee41f7d3c') in 0.021910 seconds 
========================================================================
Received Import Request.
  Time since last request: 0.000050 seconds.
  path: Assets/Simple city plain/Mesh/Materials/Grass.mat
  artifactKey: Guid(0b2bba764790ccf449cce6b130750f67) Importer(815301076,1909f56bfc062723c751e8b465ee728b)
Start importing Assets/Simple city plain/Mesh/Materials/Grass.mat using Guid(0b2bba764790ccf449cce6b130750f67) Importer(815301076,1909f56bfc062723c751e8b465ee728b)  -> (artifact id: '54c24921899cee2fcf0bac7b7a7931a3') in 0.025099 seconds 
========================================================================
Received Import Request.
  Time since last request: 0.000038 seconds.
  path: Assets/Simple city plain/Material & Texture/Material mesh/Grid.mat
  artifactKey: Guid(f2f02f2d34418854d80798cb0fa82bc7) Importer(815301076,1909f56bfc062723c751e8b465ee728b)
Start importing Assets/Simple city plain/Material & Texture/Material mesh/Grid.mat using Guid(f2f02f2d34418854d80798cb0fa82bc7) Importer(815301076,1909f56bfc062723c751e8b465ee728b)  -> (artifact id: '7d74073f6d8d1533f6ab98eb170ce4c3') in 0.081800 seconds 
========================================================================
Received Import Request.
  Time since last request: 0.000046 seconds.
  path: Assets/Parkgarage/Prefabs/doors/mesh/Materials/Glass.001.mat
  artifactKey: Guid(031df2b7742345941a628aa78d217a95) Importer(815301076,1909f56bfc062723c751e8b465ee728b)
Start importing Assets/Parkgarage/Prefabs/doors/mesh/Materials/Glass.001.mat using Guid(031df2b7742345941a628aa78d217a95) Importer(815301076,1909f56bfc062723c751e8b465ee728b)  -> (artifact id: '57b46b60e4174a253f7edfea8b303bc7') in 0.030505 seconds 
========================================================================
Received Import Request.
  Time since last request: 0.000070 seconds.
  path: Assets/Parkgarage/Prefabs/widnows/Window_B02/mesh/Materials/Frame_B02.mat
  artifactKey: Guid(12ce91bf174a2b24499464d0a43f9a2c) Importer(815301076,1909f56bfc062723c751e8b465ee728b)
Start importing Assets/Parkgarage/Prefabs/widnows/Window_B02/mesh/Materials/Frame_B02.mat using Guid(12ce91bf174a2b24499464d0a43f9a2c) Importer(815301076,1909f56bfc062723c751e8b465ee728b)  -> (artifact id: '452db6d827392f9ebdd5940a25fd3526') in 0.020705 seconds 
========================================================================
Received Import Request.
  Time since last request: 0.000076 seconds.
  path: Assets/Parkgarage/Prefabs/doors/Materials/Glass.mat
  artifactKey: Guid(6bf86c56357173d4db42e6aeade0413e) Importer(815301076,1909f56bfc062723c751e8b465ee728b)
Start importing Assets/Parkgarage/Prefabs/doors/Materials/Glass.mat using Guid(6bf86c56357173d4db42e6aeade0413e) Importer(815301076,1909f56bfc062723c751e8b465ee728b)  -> (artifact id: 'ff5cbd7d60a23a4cff15dc9bcd4cb910') in 0.081049 seconds 
========================================================================
Received Import Request.
  Time since last request: 3.510280 seconds.
  path: Assets/Parkgarage/Prefabs/parkgarage/Materials/Grid.mat
  artifactKey: Guid(f6dfae6f450b5fd4f87b0b8363e2ebda) Importer(815301076,1909f56bfc062723c751e8b465ee728b)
Start importing Assets/Parkgarage/Prefabs/parkgarage/Materials/Grid.mat using Guid(f6dfae6f450b5fd4f87b0b8363e2ebda) Importer(815301076,1909f56bfc062723c751e8b465ee728b)  -> (artifact id: 'cc09e8dea01b3ec02e93cc2cd4f6bb6f') in 0.079442 seconds 
========================================================================
Received Import Request.
  Time since last request: 0.000034 seconds.
  path: Assets/Simple city plain/Mesh/Materials/Grid_texture.mat
  artifactKey: Guid(bf77efe41487e6c4fb09f1d060493b48) Importer(815301076,1909f56bfc062723c751e8b465ee728b)
Start importing Assets/Simple city plain/Mesh/Materials/Grid_texture.mat using Guid(bf77efe41487e6c4fb09f1d060493b48) Importer(815301076,1909f56bfc062723c751e8b465ee728b)  -> (artifact id: '7dbe36fcc1d4177b05e202c9d0f5c074') in 0.024000 seconds 
========================================================================
Received Import Request.
  Time since last request: 0.000084 seconds.
  path: Assets/Simple city plain/Material & Texture/Colors_buildings/H3.mat
  artifactKey: Guid(9db90062b4af0004b94c5754b65e4379) Importer(815301076,1909f56bfc062723c751e8b465ee728b)
Start importing Assets/Simple city plain/Material & Texture/Colors_buildings/H3.mat using Guid(9db90062b4af0004b94c5754b65e4379) Importer(815301076,1909f56bfc062723c751e8b465ee728b)  -> (artifact id: 'd51f736faab9efdd20973778a63e94ca') in 0.027499 seconds 
========================================================================
Received Import Request.
  Time since last request: 0.925060 seconds.
  path: Assets/TextMesh Pro/Resources/Fonts & Materials/LiberationSans SDF - Drop Shadow.mat
  artifactKey: Guid(e73a58f6e2794ae7b1b7e50b7fb811b0) Importer(815301076,1909f56bfc062723c751e8b465ee728b)
Start importing Assets/TextMesh Pro/Resources/Fonts & Materials/LiberationSans SDF - Drop Shadow.mat using Guid(e73a58f6e2794ae7b1b7e50b7fb811b0) Importer(815301076,1909f56bfc062723c751e8b465ee728b)  -> (artifact id: '8ed5acbb82a3e60c9ef31f18ace18f19') in 0.120771 seconds 
========================================================================
Received Import Request.
  Time since last request: 0.000037 seconds.
  path: Assets/Parkgarage/Prefabs/machines/Materials/Machine_ticket.mat
  artifactKey: Guid(32c5bea0eb9df164aa74167ee1c4df83) Importer(815301076,1909f56bfc062723c751e8b465ee728b)
Start importing Assets/Parkgarage/Prefabs/machines/Materials/Machine_ticket.mat using Guid(32c5bea0eb9df164aa74167ee1c4df83) Importer(815301076,1909f56bfc062723c751e8b465ee728b)  -> (artifact id: '0e4b6e1c2006c9c83e821a2e796781f8') in 0.022210 seconds 
========================================================================
Received Import Request.
  Time since last request: 0.000082 seconds.
  path: Assets/TextMesh Pro/Resources/Fonts & Materials/LiberationSans SDF.asset
  artifactKey: Guid(8f586378b4e144a9851e7b34d9b748ee) Importer(815301076,1909f56bfc062723c751e8b465ee728b)
Start importing Assets/TextMesh Pro/Resources/Fonts & Materials/LiberationSans SDF.asset using Guid(8f586378b4e144a9851e7b34d9b748ee) Importer(815301076,1909f56bfc062723c751e8b465ee728b)  -> (artifact id: 'e93f62a23179220b06355b4c3e982cee') in 0.214659 seconds 
========================================================================
Received Import Request.
  Time since last request: 0.061877 seconds.
  path: Assets/Parkgarage/Prefabs/machines/Materials/machine_ticketIsert.mat
  artifactKey: Guid(76899477512762b428bed4c24fd2a6b5) Importer(815301076,1909f56bfc062723c751e8b465ee728b)
Start importing Assets/Parkgarage/Prefabs/machines/Materials/machine_ticketIsert.mat using Guid(76899477512762b428bed4c24fd2a6b5) Importer(815301076,1909f56bfc062723c751e8b465ee728b)  -> (artifact id: '1db0a69d13f9c2772502bf18b28d72aa') in 0.041080 seconds 
========================================================================
Received Import Request.
  Time since last request: 2.304679 seconds.
  path: Assets/Parkgarage/Prefabs/signs/materials/maxHigh.mat
  artifactKey: Guid(edbe116f262c0334c9666a73e4135d16) Importer(815301076,1909f56bfc062723c751e8b465ee728b)
Start importing Assets/Parkgarage/Prefabs/signs/materials/maxHigh.mat using Guid(edbe116f262c0334c9666a73e4135d16) Importer(815301076,1909f56bfc062723c751e8b465ee728b)  -> (artifact id: '4f79b4ad1849b99a5599f2973b570aa1') in 0.039142 seconds 
========================================================================
Received Import Request.
  Time since last request: 0.000041 seconds.
  path: Assets/Parkgarage/Prefabs/signs/materials/maxSpeed.mat
  artifactKey: Guid(83d3537a7deb5e34d9ca3e9de1abca81) Importer(815301076,1909f56bfc062723c751e8b465ee728b)
Start importing Assets/Parkgarage/Prefabs/signs/materials/maxSpeed.mat using Guid(83d3537a7deb5e34d9ca3e9de1abca81) Importer(815301076,1909f56bfc062723c751e8b465ee728b)  -> (artifact id: '7dafe9ce4750fa273be03a14a4c7dffa') in 0.025491 seconds 
========================================================================
Received Import Request.
  Time since last request: 0.000052 seconds.
  path: Assets/Parkgarage/Prefabs/signs/materials/Metal.mat
  artifactKey: Guid(089e287ea0930494fba246fe6e33dd31) Importer(815301076,1909f56bfc062723c751e8b465ee728b)
Start importing Assets/Parkgarage/Prefabs/signs/materials/Metal.mat using Guid(089e287ea0930494fba246fe6e33dd31) Importer(815301076,1909f56bfc062723c751e8b465ee728b)  -> (artifact id: '9fcff58cc746e1b9c15fd9e2cdb0c867') in 0.029751 seconds 
========================================================================
Received Import Request.
  Time since last request: 0.000083 seconds.
  path: Assets/Simple city plain/Mesh/Materials/metal.mat
  artifactKey: Guid(5bc8b02b143d9a94094816cebf87e7fb) Importer(815301076,1909f56bfc062723c751e8b465ee728b)
Start importing Assets/Simple city plain/Mesh/Materials/metal.mat using Guid(5bc8b02b143d9a94094816cebf87e7fb) Importer(815301076,1909f56bfc062723c751e8b465ee728b)  -> (artifact id: 'aa88d60fea73d406ebd8c156fc168b0b') in 0.027283 seconds 
========================================================================
Received Prepare
Registering precompiled user dll's ...
Registered in 0.019412 seconds.
Begin MonoManager ReloadAssembly
Symbol file LoadedFromMemory doesn't match image C:\Users\Александр\OneDrive\Документы\GitHub\Quadrocopter\Quadrocopter\Library\PackageCache\com.unity.visualscripting@1.8.0\Editor\VisualScripting.Core\Dependencies\YamlDotNet\Unity.VisualScripting.YamlDotNet.dll
Symbol file LoadedFromMemory doesn't match image C:\Users\Александр\OneDrive\Документы\GitHub\Quadrocopter\Quadrocopter\Library\PackageCache\com.unity.visualscripting@1.8.0\Editor\VisualScripting.Core\Dependencies\DotNetZip\Unity.VisualScripting.IonicZip.dll
Native extension for WindowsStandalone target not found
Refreshing native plugins compatible for Editor in 1.53 ms, found 3 plugins.
Preloading 0 native plugins for Editor in 0.00 ms.
Mono: successfully reloaded assembly
- Completed reload, in  3.887 seconds
Domain Reload Profiling:
	ReloadAssembly (3891ms)
		BeginReloadAssembly (518ms)
			ExecutionOrderSort (0ms)
			DisableScriptedObjects (23ms)
			BackupInstance (0ms)
			ReleaseScriptingObjects (0ms)
			CreateAndSetChildDomain (124ms)
		EndReloadAssembly (2894ms)
			LoadAssemblies (333ms)
			RebuildTransferFunctionScriptingTraits (0ms)
			SetupTypeCache (1116ms)
			ReleaseScriptCaches (4ms)
			RebuildScriptCaches (140ms)
			SetupLoadedEditorAssemblies (1208ms)
				LogAssemblyErrors (0ms)
				InitializePlatformSupportModulesInManaged (59ms)
				SetLoadedEditorAssemblies (2ms)
				RefreshPlugins (2ms)
				BeforeProcessingInitializeOnLoad (284ms)
				ProcessInitializeOnLoadAttributes (764ms)
				ProcessInitializeOnLoadMethodAttributes (64ms)
				AfterProcessingInitializeOnLoad (33ms)
				EditorAssembliesLoaded (1ms)
			ExecutionOrderSort2 (0ms)
			AwakeInstancesAfterBackupRestoration (35ms)
Platform modules already initialized, skipping
Refreshing native plugins compatible for Editor in 4.58 ms, found 3 plugins.
Preloading 0 native plugins for Editor in 0.00 ms.
Unloading 3059 Unused Serialized files (Serialized files now loaded: 0)
Unloading 17 unused Assets / (80.6 KB). Loaded Objects now: 3632.
Memory consumption went from 126.8 MB to 126.7 MB.
Total: 7.164900 ms (FindLiveObjects: 0.345800 ms CreateObjectMapping: 0.112400 ms MarkObjects: 6.395300 ms  DeleteObjects: 0.308600 ms)

AssetImportParameters requested are different than current active one (requested -> active):
  custom:video-decoder-ogg-theora: a1e56fd34408186e4bbccfd4996cb3dc -> 
  custom:container-muxer-webm: aa71ff27fc2769a1b78a27578f13a17b -> 
  custom:container-demuxer-webm: 4f35f7cbe854078d1ac9338744f61a02 -> 
  custom:video-encoder-webm-vp8: eb34c28f22e8b96e1ab97ce403110664 -> 
  custom:video-codec-MediaFoundation-h265: 746d11721c4dcdbdad8f713fa42b33f4 -> 
  custom:audio-encoder-webm-vorbis: bf7c407c2cedff20999df2af8eb42d56 -> 
  custom:framework-win-MediaFoundation: 216162199b28c13a410421893ffa2e32 -> 
  custom:container-demuxer-ogg: 62fdf1f143b41e24485cea50d1cbac27 -> 
  custom:video-decoder-webm-vp8: 9c59270c3fd7afecdb556c50c9e8de78 -> 
  custom:audio-decoder-ogg-vorbis: bf7c407c2cedff20999df2af8eb42d56 -> 
========================================================================
Received Prepare
Registering precompiled user dll's ...
Registered in 0.019219 seconds.
Begin MonoManager ReloadAssembly
Symbol file LoadedFromMemory doesn't match image C:\Users\Александр\OneDrive\Документы\GitHub\Quadrocopter\Quadrocopter\Library\PackageCache\com.unity.visualscripting@1.8.0\Editor\VisualScripting.Core\Dependencies\YamlDotNet\Unity.VisualScripting.YamlDotNet.dll
Symbol file LoadedFromMemory doesn't match image C:\Users\Александр\OneDrive\Документы\GitHub\Quadrocopter\Quadrocopter\Library\PackageCache\com.unity.visualscripting@1.8.0\Editor\VisualScripting.Core\Dependencies\DotNetZip\Unity.VisualScripting.IonicZip.dll
Native extension for WindowsStandalone target not found
Refreshing native plugins compatible for Editor in 2.01 ms, found 3 plugins.
Preloading 0 native plugins for Editor in 0.00 ms.
Mono: successfully reloaded assembly
- Completed reload, in  3.728 seconds
Domain Reload Profiling:
	ReloadAssembly (3730ms)
		BeginReloadAssembly (432ms)
			ExecutionOrderSort (0ms)
			DisableScriptedObjects (21ms)
			BackupInstance (0ms)
			ReleaseScriptingObjects (0ms)
			CreateAndSetChildDomain (94ms)
		EndReloadAssembly (2923ms)
			LoadAssemblies (284ms)
			RebuildTransferFunctionScriptingTraits (0ms)
			SetupTypeCache (943ms)
			ReleaseScriptCaches (3ms)
			RebuildScriptCaches (141ms)
			SetupLoadedEditorAssemblies (1379ms)
				LogAssemblyErrors (0ms)
				InitializePlatformSupportModulesInManaged (54ms)
				SetLoadedEditorAssemblies (2ms)
				RefreshPlugins (2ms)
				BeforeProcessingInitializeOnLoad (328ms)
				ProcessInitializeOnLoadAttributes (887ms)
				ProcessInitializeOnLoadMethodAttributes (75ms)
				AfterProcessingInitializeOnLoad (30ms)
				EditorAssembliesLoaded (1ms)
			ExecutionOrderSort2 (0ms)
			AwakeInstancesAfterBackupRestoration (27ms)
Platform modules already initialized, skipping
Refreshing native plugins compatible for Editor in 6.31 ms, found 3 plugins.
Preloading 0 native plugins for Editor in 0.00 ms.
Unloading 3059 Unused Serialized files (Serialized files now loaded: 0)
Unloading 17 unused Assets / (80.7 KB). Loaded Objects now: 3635.
Memory consumption went from 126.8 MB to 126.7 MB.
Total: 10.081200 ms (FindLiveObjects: 0.748600 ms CreateObjectMapping: 0.424900 ms MarkObjects: 8.589000 ms  DeleteObjects: 0.315700 ms)

AssetImportParameters requested are different than current active one (requested -> active):
  custom:video-decoder-ogg-theora: a1e56fd34408186e4bbccfd4996cb3dc -> 
  custom:container-muxer-webm: aa71ff27fc2769a1b78a27578f13a17b -> 
  custom:container-demuxer-webm: 4f35f7cbe854078d1ac9338744f61a02 -> 
  custom:video-encoder-webm-vp8: eb34c28f22e8b96e1ab97ce403110664 -> 
  custom:video-codec-MediaFoundation-h265: 746d11721c4dcdbdad8f713fa42b33f4 -> 
  custom:audio-encoder-webm-vorbis: bf7c407c2cedff20999df2af8eb42d56 -> 
  custom:framework-win-MediaFoundation: 216162199b28c13a410421893ffa2e32 -> 
  custom:container-demuxer-ogg: 62fdf1f143b41e24485cea50d1cbac27 -> 
  custom:video-decoder-webm-vp8: 9c59270c3fd7afecdb556c50c9e8de78 -> 
  custom:audio-decoder-ogg-vorbis: bf7c407c2cedff20999df2af8eb42d56 -> 
========================================================================
Received Prepare
Registering precompiled user dll's ...
Registered in 0.018617 seconds.
Begin MonoManager ReloadAssembly
Symbol file LoadedFromMemory doesn't match image C:\Users\Александр\OneDrive\Документы\GitHub\Quadrocopter\Quadrocopter\Library\PackageCache\com.unity.visualscripting@1.8.0\Editor\VisualScripting.Core\Dependencies\YamlDotNet\Unity.VisualScripting.YamlDotNet.dll
Symbol file LoadedFromMemory doesn't match image C:\Users\Александр\OneDrive\Документы\GitHub\Quadrocopter\Quadrocopter\Library\PackageCache\com.unity.visualscripting@1.8.0\Editor\VisualScripting.Core\Dependencies\DotNetZip\Unity.VisualScripting.IonicZip.dll
Native extension for WindowsStandalone target not found
Refreshing native plugins compatible for Editor in 3.04 ms, found 3 plugins.
Preloading 0 native plugins for Editor in 0.00 ms.
Mono: successfully reloaded assembly
- Completed reload, in  3.932 seconds
Domain Reload Profiling:
	ReloadAssembly (3936ms)
		BeginReloadAssembly (478ms)
			ExecutionOrderSort (0ms)
			DisableScriptedObjects (22ms)
			BackupInstance (0ms)
			ReleaseScriptingObjects (0ms)
			CreateAndSetChildDomain (108ms)
		EndReloadAssembly (3086ms)
			LoadAssemblies (307ms)
			RebuildTransferFunctionScriptingTraits (0ms)
			SetupTypeCache (997ms)
			ReleaseScriptCaches (3ms)
			RebuildScriptCaches (170ms)
			SetupLoadedEditorAssemblies (1393ms)
				LogAssemblyErrors (0ms)
				InitializePlatformSupportModulesInManaged (54ms)
				SetLoadedEditorAssemblies (1ms)
				RefreshPlugins (3ms)
				BeforeProcessingInitializeOnLoad (276ms)
				ProcessInitializeOnLoadAttributes (910ms)
				ProcessInitializeOnLoadMethodAttributes (93ms)
				AfterProcessingInitializeOnLoad (55ms)
				EditorAssembliesLoaded (1ms)
			ExecutionOrderSort2 (0ms)
			AwakeInstancesAfterBackupRestoration (39ms)
Platform modules already initialized, skipping
Refreshing native plugins compatible for Editor in 4.06 ms, found 3 plugins.
Preloading 0 native plugins for Editor in 0.00 ms.
Unloading 3059 Unused Serialized files (Serialized files now loaded: 0)
Unloading 17 unused Assets / (80.6 KB). Loaded Objects now: 3638.
Memory consumption went from 126.8 MB to 126.7 MB.
Total: 8.457900 ms (FindLiveObjects: 0.669400 ms CreateObjectMapping: 0.406400 ms MarkObjects: 7.213700 ms  DeleteObjects: 0.165300 ms)

AssetImportParameters requested are different than current active one (requested -> active):
  custom:video-decoder-ogg-theora: a1e56fd34408186e4bbccfd4996cb3dc -> 
  custom:container-muxer-webm: aa71ff27fc2769a1b78a27578f13a17b -> 
  custom:container-demuxer-webm: 4f35f7cbe854078d1ac9338744f61a02 -> 
  custom:video-encoder-webm-vp8: eb34c28f22e8b96e1ab97ce403110664 -> 
  custom:video-codec-MediaFoundation-h265: 746d11721c4dcdbdad8f713fa42b33f4 -> 
  custom:audio-encoder-webm-vorbis: bf7c407c2cedff20999df2af8eb42d56 -> 
  custom:framework-win-MediaFoundation: 216162199b28c13a410421893ffa2e32 -> 
  custom:container-demuxer-ogg: 62fdf1f143b41e24485cea50d1cbac27 -> 
  custom:video-decoder-webm-vp8: 9c59270c3fd7afecdb556c50c9e8de78 -> 
  custom:audio-decoder-ogg-vorbis: bf7c407c2cedff20999df2af8eb42d56 -> 
========================================================================
Received Prepare
Registering precompiled user dll's ...
Registered in 0.024727 seconds.
Begin MonoManager ReloadAssembly
Symbol file LoadedFromMemory doesn't match image C:\Users\Александр\OneDrive\Документы\GitHub\Quadrocopter\Quadrocopter\Library\PackageCache\com.unity.visualscripting@1.8.0\Editor\VisualScripting.Core\Dependencies\YamlDotNet\Unity.VisualScripting.YamlDotNet.dll
Symbol file LoadedFromMemory doesn't match image C:\Users\Александр\OneDrive\Документы\GitHub\Quadrocopter\Quadrocopter\Library\PackageCache\com.unity.visualscripting@1.8.0\Editor\VisualScripting.Core\Dependencies\DotNetZip\Unity.VisualScripting.IonicZip.dll
Native extension for WindowsStandalone target not found
Refreshing native plugins compatible for Editor in 1.39 ms, found 3 plugins.
Preloading 0 native plugins for Editor in 0.00 ms.
Mono: successfully reloaded assembly
- Completed reload, in  3.921 seconds
Domain Reload Profiling:
	ReloadAssembly (3923ms)
		BeginReloadAssembly (433ms)
			ExecutionOrderSort (0ms)
			DisableScriptedObjects (22ms)
			BackupInstance (0ms)
			ReleaseScriptingObjects (0ms)
			CreateAndSetChildDomain (92ms)
		EndReloadAssembly (2972ms)
			LoadAssemblies (316ms)
			RebuildTransferFunctionScriptingTraits (0ms)
			SetupTypeCache (1115ms)
			ReleaseScriptCaches (5ms)
			RebuildScriptCaches (146ms)
			SetupLoadedEditorAssemblies (1212ms)
				LogAssemblyErrors (0ms)
				InitializePlatformSupportModulesInManaged (52ms)
				SetLoadedEditorAssemblies (2ms)
				RefreshPlugins (2ms)
				BeforeProcessingInitializeOnLoad (253ms)
				ProcessInitializeOnLoadAttributes (786ms)
				ProcessInitializeOnLoadMethodAttributes (81ms)
				AfterProcessingInitializeOnLoad (37ms)
				EditorAssembliesLoaded (1ms)
			ExecutionOrderSort2 (0ms)
			AwakeInstancesAfterBackupRestoration (25ms)
Platform modules already initialized, skipping
Refreshing native plugins compatible for Editor in 8.61 ms, found 3 plugins.
Preloading 0 native plugins for Editor in 0.00 ms.
Unloading 3059 Unused Serialized files (Serialized files now loaded: 0)
Unloading 17 unused Assets / (80.5 KB). Loaded Objects now: 3641.
Memory consumption went from 126.8 MB to 126.7 MB.
Total: 11.221500 ms (FindLiveObjects: 0.688000 ms CreateObjectMapping: 0.371100 ms MarkObjects: 9.764500 ms  DeleteObjects: 0.394300 ms)

AssetImportParameters requested are different than current active one (requested -> active):
  custom:video-decoder-ogg-theora: a1e56fd34408186e4bbccfd4996cb3dc -> 
  custom:container-muxer-webm: aa71ff27fc2769a1b78a27578f13a17b -> 
  custom:container-demuxer-webm: 4f35f7cbe854078d1ac9338744f61a02 -> 
  custom:video-encoder-webm-vp8: eb34c28f22e8b96e1ab97ce403110664 -> 
  custom:video-codec-MediaFoundation-h265: 746d11721c4dcdbdad8f713fa42b33f4 -> 
  custom:audio-encoder-webm-vorbis: bf7c407c2cedff20999df2af8eb42d56 -> 
  custom:framework-win-MediaFoundation: 216162199b28c13a410421893ffa2e32 -> 
  custom:container-demuxer-ogg: 62fdf1f143b41e24485cea50d1cbac27 -> 
  custom:video-decoder-webm-vp8: 9c59270c3fd7afecdb556c50c9e8de78 -> 
  custom:audio-decoder-ogg-vorbis: bf7c407c2cedff20999df2af8eb42d56 -> 
========================================================================
Received Prepare
Registering precompiled user dll's ...
Registered in 0.020646 seconds.
Begin MonoManager ReloadAssembly
Symbol file LoadedFromMemory doesn't match image C:\Users\Александр\OneDrive\Документы\GitHub\Quadrocopter\Quadrocopter\Library\PackageCache\com.unity.visualscripting@1.8.0\Editor\VisualScripting.Core\Dependencies\YamlDotNet\Unity.VisualScripting.YamlDotNet.dll
Symbol file LoadedFromMemory doesn't match image C:\Users\Александр\OneDrive\Документы\GitHub\Quadrocopter\Quadrocopter\Library\PackageCache\com.unity.visualscripting@1.8.0\Editor\VisualScripting.Core\Dependencies\DotNetZip\Unity.VisualScripting.IonicZip.dll
Native extension for WindowsStandalone target not found
Refreshing native plugins compatible for Editor in 1.57 ms, found 3 plugins.
Preloading 0 native plugins for Editor in 0.00 ms.
Mono: successfully reloaded assembly
- Completed reload, in  4.160 seconds
Domain Reload Profiling:
	ReloadAssembly (4163ms)
		BeginReloadAssembly (509ms)
			ExecutionOrderSort (0ms)
			DisableScriptedObjects (24ms)
			BackupInstance (0ms)
			ReleaseScriptingObjects (1ms)
			CreateAndSetChildDomain (127ms)
		EndReloadAssembly (3182ms)
			LoadAssemblies (308ms)
			RebuildTransferFunctionScriptingTraits (0ms)
			SetupTypeCache (1108ms)
			ReleaseScriptCaches (5ms)
			RebuildScriptCaches (177ms)
			SetupLoadedEditorAssemblies (1343ms)
				LogAssemblyErrors (0ms)
				InitializePlatformSupportModulesInManaged (57ms)
				SetLoadedEditorAssemblies (2ms)
				RefreshPlugins (2ms)
				BeforeProcessingInitializeOnLoad (292ms)
				ProcessInitializeOnLoadAttributes (869ms)
				ProcessInitializeOnLoadMethodAttributes (77ms)
				AfterProcessingInitializeOnLoad (43ms)
				EditorAssembliesLoaded (1ms)
			ExecutionOrderSort2 (0ms)
			AwakeInstancesAfterBackupRestoration (30ms)
Platform modules already initialized, skipping
Refreshing native plugins compatible for Editor in 10.08 ms, found 3 plugins.
Preloading 0 native plugins for Editor in 0.00 ms.
Unloading 3059 Unused Serialized files (Serialized files now loaded: 0)
Unloading 17 unused Assets / (80.6 KB). Loaded Objects now: 3644.
Memory consumption went from 126.8 MB to 126.7 MB.
Total: 11.531900 ms (FindLiveObjects: 0.724300 ms CreateObjectMapping: 0.409600 ms MarkObjects: 10.093600 ms  DeleteObjects: 0.300900 ms)

AssetImportParameters requested are different than current active one (requested -> active):
  custom:video-decoder-ogg-theora: a1e56fd34408186e4bbccfd4996cb3dc -> 
  custom:container-muxer-webm: aa71ff27fc2769a1b78a27578f13a17b -> 
  custom:container-demuxer-webm: 4f35f7cbe854078d1ac9338744f61a02 -> 
  custom:video-encoder-webm-vp8: eb34c28f22e8b96e1ab97ce403110664 -> 
  custom:video-codec-MediaFoundation-h265: 746d11721c4dcdbdad8f713fa42b33f4 -> 
  custom:audio-encoder-webm-vorbis: bf7c407c2cedff20999df2af8eb42d56 -> 
  custom:framework-win-MediaFoundation: 216162199b28c13a410421893ffa2e32 -> 
  custom:container-demuxer-ogg: 62fdf1f143b41e24485cea50d1cbac27 -> 
  custom:video-decoder-webm-vp8: 9c59270c3fd7afecdb556c50c9e8de78 -> 
  custom:audio-decoder-ogg-vorbis: bf7c407c2cedff20999df2af8eb42d56 -> 
========================================================================
Received Prepare
Registering precompiled user dll's ...
Registered in 0.003869 seconds.
Begin MonoManager ReloadAssembly
Symbol file LoadedFromMemory doesn't match image C:\Users\Александр\OneDrive\Документы\GitHub\Quadrocopter\Quadrocopter\Library\PackageCache\com.unity.visualscripting@1.8.0\Editor\VisualScripting.Core\Dependencies\YamlDotNet\Unity.VisualScripting.YamlDotNet.dll
Symbol file LoadedFromMemory doesn't match image C:\Users\Александр\OneDrive\Документы\GitHub\Quadrocopter\Quadrocopter\Library\PackageCache\com.unity.visualscripting@1.8.0\Editor\VisualScripting.Core\Dependencies\DotNetZip\Unity.VisualScripting.IonicZip.dll
Native extension for WindowsStandalone target not found
Refreshing native plugins compatible for Editor in 0.57 ms, found 3 plugins.
Preloading 0 native plugins for Editor in 0.00 ms.
Mono: successfully reloaded assembly
- Completed reload, in  0.872 seconds
Domain Reload Profiling:
	ReloadAssembly (872ms)
		BeginReloadAssembly (117ms)
			ExecutionOrderSort (0ms)
			DisableScriptedObjects (5ms)
			BackupInstance (0ms)
			ReleaseScriptingObjects (0ms)
			CreateAndSetChildDomain (33ms)
		EndReloadAssembly (660ms)
			LoadAssemblies (72ms)
			RebuildTransferFunctionScriptingTraits (0ms)
			SetupTypeCache (219ms)
			ReleaseScriptCaches (2ms)
			RebuildScriptCaches (34ms)
			SetupLoadedEditorAssemblies (293ms)
				LogAssemblyErrors (0ms)
				InitializePlatformSupportModulesInManaged (10ms)
				SetLoadedEditorAssemblies (0ms)
				RefreshPlugins (1ms)
				BeforeProcessingInitializeOnLoad (53ms)
				ProcessInitializeOnLoadAttributes (200ms)
				ProcessInitializeOnLoadMethodAttributes (20ms)
				AfterProcessingInitializeOnLoad (9ms)
				EditorAssembliesLoaded (0ms)
			ExecutionOrderSort2 (0ms)
			AwakeInstancesAfterBackupRestoration (8ms)
Platform modules already initialized, skipping
Refreshing native plugins compatible for Editor in 2.64 ms, found 3 plugins.
Preloading 0 native plugins for Editor in 0.00 ms.
Unloading 3059 Unused Serialized files (Serialized files now loaded: 0)
Unloading 17 unused Assets / (80.6 KB). Loaded Objects now: 3647.
Memory consumption went from 126.8 MB to 126.7 MB.
Total: 5.729700 ms (FindLiveObjects: 0.393200 ms CreateObjectMapping: 0.269900 ms MarkObjects: 4.879600 ms  DeleteObjects: 0.185700 ms)

AssetImportParameters requested are different than current active one (requested -> active):
  custom:video-decoder-ogg-theora: a1e56fd34408186e4bbccfd4996cb3dc -> 
  custom:container-muxer-webm: aa71ff27fc2769a1b78a27578f13a17b -> 
  custom:container-demuxer-webm: 4f35f7cbe854078d1ac9338744f61a02 -> 
  custom:video-encoder-webm-vp8: eb34c28f22e8b96e1ab97ce403110664 -> 
  custom:video-codec-MediaFoundation-h265: 746d11721c4dcdbdad8f713fa42b33f4 -> 
  custom:audio-encoder-webm-vorbis: bf7c407c2cedff20999df2af8eb42d56 -> 
  custom:framework-win-MediaFoundation: 216162199b28c13a410421893ffa2e32 -> 
  custom:container-demuxer-ogg: 62fdf1f143b41e24485cea50d1cbac27 -> 
  custom:video-decoder-webm-vp8: 9c59270c3fd7afecdb556c50c9e8de78 -> 
  custom:audio-decoder-ogg-vorbis: bf7c407c2cedff20999df2af8eb42d56 -> 
